2025-01-21 09:14:43,823 - __main__ - INFO - Obtendo dados do Bitrix24 para o negócio ID: 214208
2025-01-21 09:14:44,090 - __main__ - INFO - Dados do Bitrix24 obtidos com sucesso.
2025-01-21 09:14:44,106 - __main__ - DEBUG - Valor obtido para UF_CRM_1713214941: '48472'
2025-01-21 09:14:44,109 - __main__ - WARNING - Status '48472' não corresponde a nenhum valor conhecido.
2025-01-21 09:14:45,021 - __main__ - INFO - Preenchendo campos no PDF: Termo Algar Telecom.pdf
2025-01-21 09:14:45,055 - __main__ - DEBUG - Atualizando campo 'Caixa de texto 1' de '' para 'DEUSUITE CUNHA DE CARVALHO'
2025-01-21 09:14:45,064 - __main__ - DEBUG - Atualizando campo 'Caixa de texto 5' de '' para '31'
2025-01-21 09:14:45,066 - __main__ - DEBUG - Atualizando campo 'Caixa de texto 6' de '' para '01'
2025-01-21 09:14:45,075 - __main__ - DEBUG - Atualizando campo 'Caixa de texto 7' de '' para '1962'
2025-01-21 09:14:45,080 - __main__ - DEBUG - Atualizando campo 'Caixa de texto 2' de '' para '06617908864'
2025-01-21 09:14:45,080 - __main__ - DEBUG - Atualizando campo 'Caixa de texto 3' de '' para '066.179.088-64'
2025-01-21 09:14:45,084 - __main__ - DEBUG - Atualizando campo 'Caixa de texto 29' de '' para 'ADONAI CUNHA DE CARVALHO'
2025-01-21 09:14:45,085 - __main__ - DEBUG - Atualizando campo 'Caixa de texto 9' de '' para '+5513991250432'
2025-01-21 09:14:45,088 - __main__ - DEBUG - Atualizando campo 'Caixa de texto 8' de '' para 'Deusuitecunha@gmail.com'
2025-01-21 09:14:45,091 - __main__ - DEBUG - Atualizando campo 'Caixa de texto 4' de '' para 'R. DOS JACARANDÁS'
2025-01-21 09:14:45,092 - __main__ - DEBUG - Atualizando campo 'Caixa de texto 10' de '' para '31 '
2025-01-21 09:14:45,094 - __main__ - DEBUG - Atualizando campo 'Caixa de texto 11' de '' para 'SAMAMBAIA'
2025-01-21 09:14:45,096 - __main__ - DEBUG - Atualizando campo 'Caixa de texto 12' de '' para 'CASA '
2025-01-21 09:14:45,098 - __main__ - DEBUG - Atualizando campo 'Caixa de texto 13' de '' para 'Praia Grande'
2025-01-21 09:14:45,100 - __main__ - DEBUG - Atualizando campo 'Caixa de texto 14' de '' para 'SP'
2025-01-21 09:14:45,101 - __main__ - DEBUG - Atualizando campo 'Caixa de texto 15' de '' para '11712-480'
2025-01-21 09:14:45,106 - __main__ - DEBUG - Atualizando campo 'Caixa de sele#C3#A7#C3#A3o 11' de 'Off' para 'Yes'
2025-01-21 09:14:45,109 - __main__ - DEBUG - Atualizando campo 'Caixa de texto 21' de '' para 'Deusuitecunha@gmail.com'
2025-01-21 09:14:45,112 - __main__ - DEBUG - Atualizando campo 'ciente1' de 'Off' para 'Yes'
2025-01-21 09:14:45,112 - __main__ - DEBUG - Atualizando campo 'ciente2' de 'Off' para 'Yes'
2025-01-21 09:14:45,117 - __main__ - DEBUG - Atualizando campo 'ciente3' de 'Off' para 'Yes'
2025-01-21 09:14:45,120 - __main__ - DEBUG - Atualizando campo 'ciente4' de 'Off' para 'Yes'
2025-01-21 09:14:45,122 - __main__ - DEBUG - Atualizando campo 'ciente5' de 'Off' para 'Yes'
2025-01-21 09:14:45,127 - __main__ - DEBUG - Atualizando campo 'ciente6' de 'Off' para 'Yes'
2025-01-21 09:14:45,129 - __main__ - DEBUG - Atualizando campo 'Caixa de sele#C3#A7#C3#A3o 12_3' de 'Off' para 'Yes'
2025-01-21 09:14:45,130 - __main__ - DEBUG - Atualizando campo 'dinheiro' de '' para '79.99'
2025-01-21 09:14:45,130 - __main__ - DEBUG - Atualizando campo 'Caixa de sele#C3#A7#C3#A3o 15_2' de 'Off' para 'Yes'
2025-01-21 09:14:45,130 - __main__ - DEBUG - Atualizando campo 'Caixa de sele#C3#A7#C3#A3o 1_3' de 'Off' para 'Yes'
2025-01-21 09:14:45,130 - __main__ - DEBUG - Atualizando campo 'Caixa de sele#C3#A7#C3#A3o 2_4' de 'Off' para 'Yes'
2025-01-21 09:14:45,130 - __main__ - DEBUG - Atualizando campo 'Caixa de sele#C3#A7#C3#A3o 3_3' de 'Off' para 'Yes'
2025-01-21 09:14:45,136 - __main__ - DEBUG - Atualizando campo 'Caixa de sele#C3#A7#C3#A3o 4_4' de 'Off' para 'Yes'
2025-01-21 09:14:45,138 - __main__ - DEBUG - Atualizando campo 'Caixa de texto 1_2' de '' para '02-12-2024'
2025-01-21 09:14:45,139 - __main__ - DEBUG - Atualizando campo 'Caixa de texto 1_3' de '' para '02-12-2024'
2025-01-21 09:14:45,176 - __main__ - INFO - PDF atualizado salvo em: DEUSUITE CUNHA DE CARVALHOTermo Algar Telecom.pdf
2025-01-21 09:14:45,194 - __main__ - ERROR - Erro ao comprimir o PDF com Ghostscript: [WinError 2] O sistema não pode encontrar o arquivo especificado
2025-01-21 09:14:47,005 - __main__ - INFO - PDF processado e comprimido com sucesso.
2025-01-21 09:15:47,809 - __main__ - INFO - STATUS: original
2025-01-21 09:15:47,810 - __main__ - INFO - Obtendo dados do Bitrix24 para o negócio ID: 214208
2025-01-21 09:15:48,106 - __main__ - INFO - Dados do Bitrix24 obtidos com sucesso.
2025-01-21 09:15:48,106 - __main__ - DEBUG - Valor obtido para UF_CRM_1713214941: '48472'
2025-01-21 09:15:48,106 - __main__ - WARNING - Status '48472' não corresponde a nenhum valor conhecido.
2025-01-21 09:15:49,042 - __main__ - INFO - Preenchendo campos no PDF: Termo Algar Telecom.pdf
2025-01-21 09:15:49,058 - __main__ - DEBUG - Atualizando campo 'Caixa de texto 1' de '' para 'DEUSUITE CUNHA DE CARVALHO'
2025-01-21 09:15:49,080 - __main__ - DEBUG - Atualizando campo 'Caixa de texto 5' de '' para '31'
2025-01-21 09:15:49,083 - __main__ - DEBUG - Atualizando campo 'Caixa de texto 6' de '' para '01'
2025-01-21 09:15:49,084 - __main__ - DEBUG - Atualizando campo 'Caixa de texto 7' de '' para '1962'
2025-01-21 09:15:49,096 - __main__ - DEBUG - Atualizando campo 'Caixa de texto 2' de '' para '06617908864'
2025-01-21 09:15:49,101 - __main__ - DEBUG - Atualizando campo 'Caixa de texto 3' de '' para '066.179.088-64'
2025-01-21 09:15:49,108 - __main__ - DEBUG - Atualizando campo 'Caixa de texto 29' de '' para 'ADONAI CUNHA DE CARVALHO'
2025-01-21 09:15:49,111 - __main__ - DEBUG - Atualizando campo 'Caixa de texto 9' de '' para '+5513991250432'
2025-01-21 09:15:49,114 - __main__ - DEBUG - Atualizando campo 'Caixa de texto 8' de '' para 'Deusuitecunha@gmail.com'
2025-01-21 09:15:49,118 - __main__ - DEBUG - Atualizando campo 'Caixa de texto 4' de '' para 'R. DOS JACARANDÁS'
2025-01-21 09:15:49,121 - __main__ - DEBUG - Atualizando campo 'Caixa de texto 10' de '' para '31 '
2025-01-21 09:15:49,124 - __main__ - DEBUG - Atualizando campo 'Caixa de texto 11' de '' para 'SAMAMBAIA'
2025-01-21 09:15:49,128 - __main__ - DEBUG - Atualizando campo 'Caixa de texto 12' de '' para 'CASA '
2025-01-21 09:15:49,130 - __main__ - DEBUG - Atualizando campo 'Caixa de texto 13' de '' para 'Praia Grande'
2025-01-21 09:15:49,131 - __main__ - DEBUG - Atualizando campo 'Caixa de texto 14' de '' para 'SP'
2025-01-21 09:15:49,133 - __main__ - DEBUG - Atualizando campo 'Caixa de texto 15' de '' para '11712-480'
2025-01-21 09:15:49,135 - __main__ - DEBUG - Atualizando campo 'Caixa de sele#C3#A7#C3#A3o 11' de 'Off' para 'Yes'
2025-01-21 09:15:49,137 - __main__ - DEBUG - Atualizando campo 'Caixa de texto 21' de '' para 'Deusuitecunha@gmail.com'
2025-01-21 09:15:49,141 - __main__ - DEBUG - Atualizando campo 'ciente1' de 'Off' para 'Yes'
2025-01-21 09:15:49,143 - __main__ - DEBUG - Atualizando campo 'ciente2' de 'Off' para 'Yes'
2025-01-21 09:15:49,146 - __main__ - DEBUG - Atualizando campo 'ciente3' de 'Off' para 'Yes'
2025-01-21 09:15:49,148 - __main__ - DEBUG - Atualizando campo 'ciente4' de 'Off' para 'Yes'
2025-01-21 09:15:49,149 - __main__ - DEBUG - Atualizando campo 'ciente5' de 'Off' para 'Yes'
2025-01-21 09:15:49,152 - __main__ - DEBUG - Atualizando campo 'ciente6' de 'Off' para 'Yes'
2025-01-21 09:15:49,152 - __main__ - DEBUG - Atualizando campo 'Caixa de sele#C3#A7#C3#A3o 12_3' de 'Off' para 'Yes'
2025-01-21 09:15:49,157 - __main__ - DEBUG - Atualizando campo 'dinheiro' de '' para '79.99'
2025-01-21 09:15:49,160 - __main__ - DEBUG - Atualizando campo 'Caixa de sele#C3#A7#C3#A3o 15_2' de 'Off' para 'Yes'
2025-01-21 09:15:49,162 - __main__ - DEBUG - Atualizando campo 'Caixa de sele#C3#A7#C3#A3o 1_3' de 'Off' para 'Yes'
2025-01-21 09:15:49,162 - __main__ - DEBUG - Atualizando campo 'Caixa de sele#C3#A7#C3#A3o 2_4' de 'Off' para 'Yes'
2025-01-21 09:15:49,164 - __main__ - DEBUG - Atualizando campo 'Caixa de sele#C3#A7#C3#A3o 3_3' de 'Off' para 'Yes'
2025-01-21 09:15:49,165 - __main__ - DEBUG - Atualizando campo 'Caixa de sele#C3#A7#C3#A3o 4_4' de 'Off' para 'Yes'
2025-01-21 09:15:49,166 - __main__ - DEBUG - Atualizando campo 'Caixa de texto 1_2' de '' para '02-12-2024'
2025-01-21 09:15:49,167 - __main__ - DEBUG - Atualizando campo 'Caixa de texto 1_3' de '' para '02-12-2024'
2025-01-21 09:15:49,200 - __main__ - INFO - PDF atualizado salvo em: DEUSUITE CUNHA DE CARVALHOTermo Algar Telecom.pdf
2025-01-21 09:15:49,217 - __main__ - ERROR - Erro ao comprimir o PDF com Ghostscript: [WinError 2] O sistema não pode encontrar o arquivo especificado
2025-01-21 09:15:51,224 - __main__ - INFO - PDF processado e comprimido com sucesso.
2025-01-21 09:17:16,334 - __main__ - INFO - OLHE:   [48472]
2025-01-21 09:17:16,334 - __main__ - INFO - STATUS: original
2025-01-21 09:17:16,334 - __main__ - INFO - Obtendo dados do Bitrix24 para o negócio ID: 214208
2025-01-21 09:17:16,639 - __main__ - INFO - Dados do Bitrix24 obtidos com sucesso.
2025-01-21 09:17:16,644 - __main__ - DEBUG - Valor obtido para UF_CRM_1713214941: '48472'
2025-01-21 09:17:16,645 - __main__ - WARNING - Status '48472' não corresponde a nenhum valor conhecido.
2025-01-21 09:17:17,568 - __main__ - INFO - Preenchendo campos no PDF: Termo Algar Telecom.pdf
2025-01-21 09:17:17,592 - __main__ - DEBUG - Atualizando campo 'Caixa de texto 1' de '' para 'DEUSUITE CUNHA DE CARVALHO'
2025-01-21 09:17:17,600 - __main__ - DEBUG - Atualizando campo 'Caixa de texto 5' de '' para '31'
2025-01-21 09:17:17,603 - __main__ - DEBUG - Atualizando campo 'Caixa de texto 6' de '' para '01'
2025-01-21 09:17:17,603 - __main__ - DEBUG - Atualizando campo 'Caixa de texto 7' de '' para '1962'
2025-01-21 09:17:17,609 - __main__ - DEBUG - Atualizando campo 'Caixa de texto 2' de '' para '06617908864'
2025-01-21 09:17:17,610 - __main__ - DEBUG - Atualizando campo 'Caixa de texto 3' de '' para '066.179.088-64'
2025-01-21 09:17:17,613 - __main__ - DEBUG - Atualizando campo 'Caixa de texto 29' de '' para 'ADONAI CUNHA DE CARVALHO'
2025-01-21 09:17:17,614 - __main__ - DEBUG - Atualizando campo 'Caixa de texto 9' de '' para '+5513991250432'
2025-01-21 09:17:17,617 - __main__ - DEBUG - Atualizando campo 'Caixa de texto 8' de '' para 'Deusuitecunha@gmail.com'
2025-01-21 09:17:17,621 - __main__ - DEBUG - Atualizando campo 'Caixa de texto 4' de '' para 'R. DOS JACARANDÁS'
2025-01-21 09:17:17,624 - __main__ - DEBUG - Atualizando campo 'Caixa de texto 10' de '' para '31 '
2025-01-21 09:17:17,626 - __main__ - DEBUG - Atualizando campo 'Caixa de texto 11' de '' para 'SAMAMBAIA'
2025-01-21 09:17:17,629 - __main__ - DEBUG - Atualizando campo 'Caixa de texto 12' de '' para 'CASA '
2025-01-21 09:17:17,630 - __main__ - DEBUG - Atualizando campo 'Caixa de texto 13' de '' para 'Praia Grande'
2025-01-21 09:17:17,631 - __main__ - DEBUG - Atualizando campo 'Caixa de texto 14' de '' para 'SP'
2025-01-21 09:17:17,632 - __main__ - DEBUG - Atualizando campo 'Caixa de texto 15' de '' para '11712-480'
2025-01-21 09:17:17,636 - __main__ - DEBUG - Atualizando campo 'Caixa de sele#C3#A7#C3#A3o 11' de 'Off' para 'Yes'
2025-01-21 09:17:17,639 - __main__ - DEBUG - Atualizando campo 'Caixa de texto 21' de '' para 'Deusuitecunha@gmail.com'
2025-01-21 09:17:17,642 - __main__ - DEBUG - Atualizando campo 'ciente1' de 'Off' para 'Yes'
2025-01-21 09:17:17,642 - __main__ - DEBUG - Atualizando campo 'ciente2' de 'Off' para 'Yes'
2025-01-21 09:17:17,647 - __main__ - DEBUG - Atualizando campo 'ciente3' de 'Off' para 'Yes'
2025-01-21 09:17:17,649 - __main__ - DEBUG - Atualizando campo 'ciente4' de 'Off' para 'Yes'
2025-01-21 09:17:17,650 - __main__ - DEBUG - Atualizando campo 'ciente5' de 'Off' para 'Yes'
2025-01-21 09:17:17,656 - __main__ - DEBUG - Atualizando campo 'ciente6' de 'Off' para 'Yes'
2025-01-21 09:17:17,658 - __main__ - DEBUG - Atualizando campo 'Caixa de sele#C3#A7#C3#A3o 12_3' de 'Off' para 'Yes'
2025-01-21 09:17:17,659 - __main__ - DEBUG - Atualizando campo 'dinheiro' de '' para '79.99'
2025-01-21 09:17:17,660 - __main__ - DEBUG - Atualizando campo 'Caixa de sele#C3#A7#C3#A3o 15_2' de 'Off' para 'Yes'
2025-01-21 09:17:17,662 - __main__ - DEBUG - Atualizando campo 'Caixa de sele#C3#A7#C3#A3o 1_3' de 'Off' para 'Yes'
2025-01-21 09:17:17,662 - __main__ - DEBUG - Atualizando campo 'Caixa de sele#C3#A7#C3#A3o 2_4' de 'Off' para 'Yes'
2025-01-21 09:17:17,663 - __main__ - DEBUG - Atualizando campo 'Caixa de sele#C3#A7#C3#A3o 3_3' de 'Off' para 'Yes'
2025-01-21 09:17:17,664 - __main__ - DEBUG - Atualizando campo 'Caixa de sele#C3#A7#C3#A3o 4_4' de 'Off' para 'Yes'
2025-01-21 09:17:17,665 - __main__ - DEBUG - Atualizando campo 'Caixa de texto 1_2' de '' para '02-12-2024'
2025-01-21 09:17:17,666 - __main__ - DEBUG - Atualizando campo 'Caixa de texto 1_3' de '' para '02-12-2024'
2025-01-21 09:17:17,703 - __main__ - INFO - PDF atualizado salvo em: DEUSUITE CUNHA DE CARVALHOTermo Algar Telecom.pdf
2025-01-21 09:17:17,725 - __main__ - ERROR - Erro ao comprimir o PDF com Ghostscript: [WinError 2] O sistema não pode encontrar o arquivo especificado
2025-01-21 09:17:20,285 - __main__ - INFO - PDF processado e comprimido com sucesso.
2025-01-21 09:19:43,916 - __main__ - INFO - OLHE:   [48472]
2025-01-21 09:19:43,916 - __main__ - INFO - STATUS: original
2025-01-21 09:19:43,916 - __main__ - INFO - Obtendo dados do Bitrix24 para o negócio ID: 214208
2025-01-21 09:19:44,200 - __main__ - INFO - Dados do Bitrix24 obtidos com sucesso.
2025-01-21 09:19:44,201 - __main__ - DEBUG - Valor obtido para UF_CRM_1713214941: '48472'
2025-01-21 09:19:45,148 - __main__ - INFO - Preenchendo campos no PDF: Termo Algar Telecom.pdf
2025-01-21 09:19:45,164 - __main__ - DEBUG - Atualizando campo 'Caixa de texto 1' de '' para 'DEUSUITE CUNHA DE CARVALHO'
2025-01-21 09:19:45,170 - __main__ - DEBUG - Atualizando campo 'Caixa de texto 5' de '' para '31'
2025-01-21 09:19:45,171 - __main__ - DEBUG - Atualizando campo 'Caixa de texto 6' de '' para '01'
2025-01-21 09:19:45,171 - __main__ - DEBUG - Atualizando campo 'Caixa de texto 7' de '' para '1962'
2025-01-21 09:19:45,171 - __main__ - DEBUG - Atualizando campo 'Caixa de texto 2' de '' para '06617908864'
2025-01-21 09:19:45,171 - __main__ - DEBUG - Atualizando campo 'Caixa de texto 3' de '' para '066.179.088-64'
2025-01-21 09:19:45,183 - __main__ - DEBUG - Atualizando campo 'Caixa de texto 29' de '' para 'ADONAI CUNHA DE CARVALHO'
2025-01-21 09:19:45,185 - __main__ - DEBUG - Atualizando campo 'Caixa de texto 9' de '' para '+5513991250432'
2025-01-21 09:19:45,187 - __main__ - DEBUG - Atualizando campo 'Caixa de texto 8' de '' para 'Deusuitecunha@gmail.com'
2025-01-21 09:19:45,188 - __main__ - DEBUG - Atualizando campo 'Caixa de texto 4' de '' para 'R. DOS JACARANDÁS'
2025-01-21 09:19:45,190 - __main__ - DEBUG - Atualizando campo 'Caixa de texto 10' de '' para '31 '
2025-01-21 09:19:45,191 - __main__ - DEBUG - Atualizando campo 'Caixa de texto 11' de '' para 'SAMAMBAIA'
2025-01-21 09:19:45,192 - __main__ - DEBUG - Atualizando campo 'Caixa de texto 12' de '' para 'CASA '
2025-01-21 09:19:45,193 - __main__ - DEBUG - Atualizando campo 'Caixa de texto 13' de '' para 'Praia Grande'
2025-01-21 09:19:45,194 - __main__ - DEBUG - Atualizando campo 'Caixa de texto 14' de '' para 'SP'
2025-01-21 09:19:45,194 - __main__ - DEBUG - Atualizando campo 'Caixa de texto 15' de '' para '11712-480'
2025-01-21 09:19:45,198 - __main__ - DEBUG - Atualizando campo 'Caixa de sele#C3#A7#C3#A3o 11' de 'Off' para 'Yes'
2025-01-21 09:19:45,201 - __main__ - DEBUG - Atualizando campo 'Caixa de texto 21' de '' para 'Deusuitecunha@gmail.com'
2025-01-21 09:19:45,205 - __main__ - DEBUG - Atualizando campo 'seis' de 'Off' para 'Yes'
2025-01-21 09:19:45,207 - __main__ - DEBUG - Atualizando campo 'ciente1' de 'Off' para 'Yes'
2025-01-21 09:19:45,208 - __main__ - DEBUG - Atualizando campo 'ciente2' de 'Off' para 'Yes'
2025-01-21 09:19:45,210 - __main__ - DEBUG - Atualizando campo 'ciente3' de 'Off' para 'Yes'
2025-01-21 09:19:45,212 - __main__ - DEBUG - Atualizando campo 'ciente4' de 'Off' para 'Yes'
2025-01-21 09:19:45,213 - __main__ - DEBUG - Atualizando campo 'ciente5' de 'Off' para 'Yes'
2025-01-21 09:19:45,220 - __main__ - DEBUG - Atualizando campo 'ciente6' de 'Off' para 'Yes'
2025-01-21 09:19:45,222 - __main__ - DEBUG - Atualizando campo 'Caixa de sele#C3#A7#C3#A3o 12_3' de 'Off' para 'Yes'
2025-01-21 09:19:45,222 - __main__ - DEBUG - Atualizando campo 'dinheiro' de '' para '79.99'
2025-01-21 09:19:45,225 - __main__ - DEBUG - Atualizando campo 'Caixa de sele#C3#A7#C3#A3o 15_2' de 'Off' para 'Yes'
2025-01-21 09:19:45,226 - __main__ - DEBUG - Atualizando campo 'Caixa de sele#C3#A7#C3#A3o 1_3' de 'Off' para 'Yes'
2025-01-21 09:19:45,226 - __main__ - DEBUG - Atualizando campo 'Caixa de sele#C3#A7#C3#A3o 2_4' de 'Off' para 'Yes'
2025-01-21 09:19:45,228 - __main__ - DEBUG - Atualizando campo 'Caixa de sele#C3#A7#C3#A3o 3_3' de 'Off' para 'Yes'
2025-01-21 09:19:45,229 - __main__ - DEBUG - Atualizando campo 'Caixa de sele#C3#A7#C3#A3o 4_4' de 'Off' para 'Yes'
2025-01-21 09:19:45,230 - __main__ - DEBUG - Atualizando campo 'Caixa de texto 1_2' de '' para '02-12-2024'
2025-01-21 09:19:45,232 - __main__ - DEBUG - Atualizando campo 'Caixa de texto 1_3' de '' para '02-12-2024'
2025-01-21 09:19:45,273 - __main__ - INFO - PDF atualizado salvo em: DEUSUITE CUNHA DE CARVALHOTermo Algar Telecom.pdf
2025-01-21 09:19:45,291 - __main__ - ERROR - Erro ao comprimir o PDF com Ghostscript: [WinError 2] O sistema não pode encontrar o arquivo especificado
2025-01-21 09:19:47,482 - __main__ - INFO - PDF processado e comprimido com sucesso.
2025-01-21 09:20:29,443 - __main__ - INFO - OLHE:   [48472]
2025-01-21 09:20:29,445 - __main__ - INFO - STATUS: original
2025-01-21 09:20:29,448 - __main__ - INFO - Obtendo dados do Bitrix24 para o negócio ID: 214208
2025-01-21 09:20:29,728 - __main__ - INFO - Dados do Bitrix24 obtidos com sucesso.
2025-01-21 09:20:29,733 - __main__ - DEBUG - Valor obtido para UF_CRM_1713214941: '48472'
2025-01-21 09:20:30,674 - __main__ - INFO - Preenchendo campos no PDF: Termo Algar Telecom.pdf
2025-01-21 09:20:30,686 - __main__ - DEBUG - Atualizando campo 'Caixa de texto 1' de '' para 'DEUSUITE CUNHA DE CARVALHO'
2025-01-21 09:20:30,690 - __main__ - DEBUG - Atualizando campo 'Caixa de texto 5' de '' para '31'
2025-01-21 09:20:30,693 - __main__ - DEBUG - Atualizando campo 'Caixa de texto 6' de '' para '01'
2025-01-21 09:20:30,696 - __main__ - DEBUG - Atualizando campo 'Caixa de texto 7' de '' para '1962'
2025-01-21 09:20:30,699 - __main__ - DEBUG - Atualizando campo 'Caixa de texto 2' de '' para '06617908864'
2025-01-21 09:20:30,701 - __main__ - DEBUG - Atualizando campo 'Caixa de texto 3' de '' para '066.179.088-64'
2025-01-21 09:20:30,705 - __main__ - DEBUG - Atualizando campo 'Caixa de texto 29' de '' para 'ADONAI CUNHA DE CARVALHO'
2025-01-21 09:20:30,708 - __main__ - DEBUG - Atualizando campo 'Caixa de texto 9' de '' para '+5513991250432'
2025-01-21 09:20:30,711 - __main__ - DEBUG - Atualizando campo 'Caixa de texto 8' de '' para 'Deusuitecunha@gmail.com'
2025-01-21 09:20:30,713 - __main__ - DEBUG - Atualizando campo 'Caixa de texto 4' de '' para 'R. DOS JACARANDÁS'
2025-01-21 09:20:30,715 - __main__ - DEBUG - Atualizando campo 'Caixa de texto 10' de '' para '31 '
2025-01-21 09:20:30,716 - __main__ - DEBUG - Atualizando campo 'Caixa de texto 11' de '' para 'SAMAMBAIA'
2025-01-21 09:20:30,717 - __main__ - DEBUG - Atualizando campo 'Caixa de texto 12' de '' para 'CASA '
2025-01-21 09:20:30,718 - __main__ - DEBUG - Atualizando campo 'Caixa de texto 13' de '' para 'Praia Grande'
2025-01-21 09:20:30,722 - __main__ - DEBUG - Atualizando campo 'Caixa de texto 14' de '' para 'SP'
2025-01-21 09:20:30,723 - __main__ - DEBUG - Atualizando campo 'Caixa de texto 15' de '' para '11712-480'
2025-01-21 09:20:30,725 - __main__ - DEBUG - Atualizando campo 'Caixa de sele#C3#A7#C3#A3o 11' de 'Off' para 'Yes'
2025-01-21 09:20:30,727 - __main__ - DEBUG - Atualizando campo 'Caixa de texto 21' de '' para 'Deusuitecunha@gmail.com'
2025-01-21 09:20:30,731 - __main__ - DEBUG - Atualizando campo 'seis' de 'Off' para 'Yes'
2025-01-21 09:20:30,734 - __main__ - DEBUG - Atualizando campo 'ciente1' de 'Off' para 'Yes'
2025-01-21 09:20:30,763 - __main__ - DEBUG - Atualizando campo 'ciente2' de 'Off' para 'Yes'
2025-01-21 09:20:30,763 - __main__ - DEBUG - Atualizando campo 'ciente3' de 'Off' para 'Yes'
2025-01-21 09:20:30,782 - __main__ - DEBUG - Atualizando campo 'ciente4' de 'Off' para 'Yes'
2025-01-21 09:20:30,797 - __main__ - DEBUG - Atualizando campo 'ciente5' de 'Off' para 'Yes'
2025-01-21 09:20:30,797 - __main__ - DEBUG - Atualizando campo 'ciente6' de 'Off' para 'Yes'
2025-01-21 09:20:30,818 - __main__ - DEBUG - Atualizando campo 'Caixa de sele#C3#A7#C3#A3o 12_3' de 'Off' para 'Yes'
2025-01-21 09:20:30,818 - __main__ - DEBUG - Atualizando campo 'dinheiro' de '' para '79.99'
2025-01-21 09:20:30,825 - __main__ - DEBUG - Atualizando campo 'Caixa de sele#C3#A7#C3#A3o 15_2' de 'Off' para 'Yes'
2025-01-21 09:20:30,826 - __main__ - DEBUG - Atualizando campo 'Caixa de sele#C3#A7#C3#A3o 1_3' de 'Off' para 'Yes'
2025-01-21 09:20:30,827 - __main__ - DEBUG - Atualizando campo 'Caixa de sele#C3#A7#C3#A3o 2_4' de 'Off' para 'Yes'
2025-01-21 09:20:30,829 - __main__ - DEBUG - Atualizando campo 'Caixa de sele#C3#A7#C3#A3o 3_3' de 'Off' para 'Yes'
2025-01-21 09:20:30,830 - __main__ - DEBUG - Atualizando campo 'Caixa de sele#C3#A7#C3#A3o 4_4' de 'Off' para 'Yes'
2025-01-21 09:20:30,831 - __main__ - DEBUG - Atualizando campo 'Caixa de texto 1_2' de '' para '02-12-2024'
2025-01-21 09:20:30,834 - __main__ - DEBUG - Atualizando campo 'Caixa de texto 1_3' de '' para '02-12-2024'
2025-01-21 09:20:30,869 - __main__ - INFO - PDF atualizado salvo em: DEUSUITE CUNHA DE CARVALHOTermo Algar Telecom.pdf
2025-01-21 09:20:30,888 - __main__ - ERROR - Erro ao comprimir o PDF com Ghostscript: [WinError 2] O sistema não pode encontrar o arquivo especificado
2025-01-21 09:20:32,799 - __main__ - INFO - PDF processado e comprimido com sucesso.
2025-01-21 09:21:51,187 - __main__ - INFO - OLHE:   [48472]
2025-01-21 09:21:51,188 - __main__ - INFO - STATUS: 600
2025-01-21 09:21:51,189 - __main__ - INFO - Obtendo dados do Bitrix24 para o negócio ID: 214208
2025-01-21 09:21:51,467 - __main__ - INFO - Dados do Bitrix24 obtidos com sucesso.
2025-01-21 09:21:51,479 - __main__ - DEBUG - Valor obtido para UF_CRM_1713214941: '48472'
2025-01-21 09:21:52,388 - __main__ - INFO - Preenchendo campos no PDF: Termo Algar Telecom 2_.pdf
2025-01-21 09:21:52,405 - __main__ - DEBUG - Atualizando campo 'nome' de '' para 'DEUSUITE CUNHA DE CARVALHO'
2025-01-21 09:21:52,425 - __main__ - DEBUG - Atualizando campo 'dia' de '' para '31'
2025-01-21 09:21:52,427 - __main__ - DEBUG - Atualizando campo 'mes' de '' para '01'
2025-01-21 09:21:52,431 - __main__ - DEBUG - Atualizando campo 'ano' de '' para '1962'
2025-01-21 09:21:52,431 - __main__ - DEBUG - Atualizando campo 'cpf' de '' para '066.179.088-64'
2025-01-21 09:21:52,437 - __main__ - DEBUG - Atualizando campo 'rg' de '' para '06617908864'
2025-01-21 09:21:52,439 - __main__ - DEBUG - Atualizando campo 'mae' de '' para 'ADONAI CUNHA DE CARVALHO'
2025-01-21 09:21:52,441 - __main__ - DEBUG - Atualizando campo 'telefone' de '' para '+5513991250432'
2025-01-21 09:21:52,443 - __main__ - DEBUG - Atualizando campo 'email' de '' para 'Deusuitecunha@gmail.com'
2025-01-21 09:21:52,444 - __main__ - DEBUG - Atualizando campo 'endereco' de '' para 'R. DOS JACARANDÁS'
2025-01-21 09:21:52,445 - __main__ - DEBUG - Atualizando campo 'numero' de '' para '31 '
2025-01-21 09:21:52,446 - __main__ - DEBUG - Atualizando campo 'bairro' de '' para 'SAMAMBAIA'
2025-01-21 09:21:52,447 - __main__ - DEBUG - Atualizando campo 'cidade' de '' para 'Praia Grande'
2025-01-21 09:21:52,448 - __main__ - DEBUG - Atualizando campo 'complemento' de '' para 'CASA '
2025-01-21 09:21:52,449 - __main__ - DEBUG - Atualizando campo 'estado' de '' para 'SP'
2025-01-21 09:21:52,450 - __main__ - DEBUG - Atualizando campo 'cep' de '' para '11712-480'
2025-01-21 09:21:52,453 - __main__ - DEBUG - Atualizando campo 'email_receber' de '' para 'Deusuitecunha@gmail.com'
2025-01-21 09:21:52,458 - __main__ - DEBUG - Atualizando campo 'ciente1' de 'Off' para 'Yes'
2025-01-21 09:21:52,460 - __main__ - DEBUG - Atualizando campo 'beneficio' de 'Off' para 'Yes'
2025-01-21 09:21:52,462 - __main__ - DEBUG - Atualizando campo 'ciente2' de 'Off' para 'Yes'
2025-01-21 09:21:52,463 - __main__ - DEBUG - Atualizando campo 'ciente3' de 'Off' para 'Yes'
2025-01-21 09:21:52,465 - __main__ - DEBUG - Atualizando campo 'ciente4' de 'Off' para 'Yes'
2025-01-21 09:21:52,466 - __main__ - DEBUG - Atualizando campo 'ciente5' de 'Off' para 'Yes'
2025-01-21 09:21:52,472 - __main__ - DEBUG - Atualizando campo 'Caixa de sele#C3#A7#C3#A3o 11' de 'Off' para 'Yes'
2025-01-21 09:21:52,474 - __main__ - DEBUG - Atualizando campo 'ciente6' de 'Off' para 'Yes'
2025-01-21 09:21:52,476 - __main__ - DEBUG - Atualizando campo 'total' de '' para '79.99'
2025-01-21 09:21:52,478 - __main__ - DEBUG - Atualizando campo 'declaro' de 'Off' para 'Yes'
2025-01-21 09:21:52,480 - __main__ - DEBUG - Atualizando campo 'declaro1' de 'Off' para 'Yes'
2025-01-21 09:21:52,480 - __main__ - DEBUG - Atualizando campo 'declaro2' de 'Off' para 'Yes'
2025-01-21 09:21:52,481 - __main__ - DEBUG - Atualizando campo 'declaro3' de 'Off' para 'Yes'
2025-01-21 09:21:52,482 - __main__ - DEBUG - Atualizando campo 'declaro4' de 'Off' para 'Yes'
2025-01-21 09:21:52,482 - __main__ - DEBUG - Atualizando campo 'data1' de '' para '02-12-2024'
2025-01-21 09:21:52,482 - __main__ - DEBUG - Atualizando campo 'data2' de '' para '02-12-2024'
2025-01-21 09:21:52,522 - __main__ - INFO - PDF atualizado salvo em: DEUSUITE CUNHA DE CARVALHOTermo Algar Telecom 2_.pdf
2025-01-21 09:21:52,543 - __main__ - ERROR - Erro ao comprimir o PDF com Ghostscript: [WinError 2] O sistema não pode encontrar o arquivo especificado
2025-01-21 09:21:54,172 - __main__ - INFO - PDF processado e comprimido com sucesso.
2025-01-21 09:22:58,462 - __main__ - INFO - OLHE:   [48472]
2025-01-21 09:22:58,462 - __main__ - INFO - STATUS: 600
2025-01-21 09:22:58,462 - __main__ - INFO - Obtendo dados do Bitrix24 para o negócio ID: 214208
2025-01-21 09:22:58,724 - __main__ - INFO - Dados do Bitrix24 obtidos com sucesso.
2025-01-21 09:22:58,726 - __main__ - DEBUG - Valor obtido para UF_CRM_1713214941: '48472'
2025-01-21 09:22:59,694 - __main__ - INFO - Preenchendo campos no PDF: Termo Algar Telecom 2_.pdf
2025-01-21 09:22:59,694 - __main__ - DEBUG - Atualizando campo 'nome' de '' para 'DEUSUITE CUNHA DE CARVALHO'
2025-01-21 09:22:59,711 - __main__ - DEBUG - Atualizando campo 'dia' de '' para '31'
2025-01-21 09:22:59,714 - __main__ - DEBUG - Atualizando campo 'mes' de '' para '01'
2025-01-21 09:22:59,716 - __main__ - DEBUG - Atualizando campo 'ano' de '' para '1962'
2025-01-21 09:22:59,718 - __main__ - DEBUG - Atualizando campo 'cpf' de '' para '066.179.088-64'
2025-01-21 09:22:59,718 - __main__ - DEBUG - Atualizando campo 'rg' de '' para '06617908864'
2025-01-21 09:22:59,724 - __main__ - DEBUG - Atualizando campo 'mae' de '' para 'ADONAI CUNHA DE CARVALHO'
2025-01-21 09:22:59,728 - __main__ - DEBUG - Atualizando campo 'telefone' de '' para '+5513991250432'
2025-01-21 09:22:59,729 - __main__ - DEBUG - Atualizando campo 'email' de '' para 'Deusuitecunha@gmail.com'
2025-01-21 09:22:59,731 - __main__ - DEBUG - Atualizando campo 'endereco' de '' para 'R. DOS JACARANDÁS'
2025-01-21 09:22:59,733 - __main__ - DEBUG - Atualizando campo 'numero' de '' para '31 '
2025-01-21 09:22:59,734 - __main__ - DEBUG - Atualizando campo 'bairro' de '' para 'SAMAMBAIA'
2025-01-21 09:22:59,735 - __main__ - DEBUG - Atualizando campo 'cidade' de '' para 'Praia Grande'
2025-01-21 09:22:59,736 - __main__ - DEBUG - Atualizando campo 'complemento' de '' para 'CASA '
2025-01-21 09:22:59,737 - __main__ - DEBUG - Atualizando campo 'estado' de '' para 'SP'
2025-01-21 09:22:59,738 - __main__ - DEBUG - Atualizando campo 'cep' de '' para '11712-480'
2025-01-21 09:22:59,742 - __main__ - DEBUG - Atualizando campo 'email_receber' de '' para 'Deusuitecunha@gmail.com'
2025-01-21 09:22:59,747 - __main__ - DEBUG - Atualizando campo 'ciente1' de 'Off' para 'Yes'
2025-01-21 09:22:59,749 - __main__ - DEBUG - Atualizando campo 'beneficio' de 'Off' para 'Yes'
2025-01-21 09:22:59,750 - __main__ - DEBUG - Atualizando campo 'ciente2' de 'Off' para 'Yes'
2025-01-21 09:22:59,751 - __main__ - DEBUG - Atualizando campo 'ciente3' de 'Off' para 'Yes'
2025-01-21 09:22:59,752 - __main__ - DEBUG - Atualizando campo 'ciente4' de 'Off' para 'Yes'
2025-01-21 09:22:59,752 - __main__ - DEBUG - Atualizando campo 'ciente5' de 'Off' para 'Yes'
2025-01-21 09:22:59,759 - __main__ - DEBUG - Atualizando campo 'Caixa de sele#C3#A7#C3#A3o 11' de 'Off' para 'Yes'
2025-01-21 09:22:59,762 - __main__ - DEBUG - Atualizando campo 'ciente6' de 'Off' para 'Yes'
2025-01-21 09:22:59,764 - __main__ - DEBUG - Atualizando campo 'total' de '' para '79.99'
2025-01-21 09:22:59,766 - __main__ - DEBUG - Atualizando campo 'declaro' de 'Off' para 'Yes'
2025-01-21 09:22:59,768 - __main__ - DEBUG - Atualizando campo 'declaro1' de 'Off' para 'Yes'
2025-01-21 09:22:59,768 - __main__ - DEBUG - Atualizando campo 'declaro2' de 'Off' para 'Yes'
2025-01-21 09:22:59,769 - __main__ - DEBUG - Atualizando campo 'declaro3' de 'Off' para 'Yes'
2025-01-21 09:22:59,769 - __main__ - DEBUG - Atualizando campo 'declaro4' de 'Off' para 'Yes'
2025-01-21 09:22:59,769 - __main__ - DEBUG - Atualizando campo 'data1' de '' para '02-12-2024'
2025-01-21 09:22:59,769 - __main__ - DEBUG - Atualizando campo 'data2' de '' para '02-12-2024'
2025-01-21 09:22:59,809 - __main__ - INFO - PDF atualizado salvo em: DEUSUITE CUNHA DE CARVALHOTermo Algar Telecom 2_.pdf
2025-01-21 09:22:59,830 - __main__ - ERROR - Erro ao comprimir o PDF com Ghostscript: [WinError 2] O sistema não pode encontrar o arquivo especificado
2025-01-21 09:23:01,710 - __main__ - INFO - PDF processado e comprimido com sucesso.
2025-01-21 09:23:59,130 - __main__ - INFO - OLHE:   [48472]
2025-01-21 09:23:59,130 - __main__ - INFO - STATUS: 600
2025-01-21 09:23:59,131 - __main__ - INFO - Obtendo dados do Bitrix24 para o negócio ID: 214208
2025-01-21 09:23:59,395 - __main__ - INFO - Dados do Bitrix24 obtidos com sucesso.
2025-01-21 09:23:59,395 - __main__ - DEBUG - Valor obtido para UF_CRM_1713214941: '48472'
2025-01-21 09:24:00,381 - __main__ - INFO - Preenchendo campos no PDF: Termo Algar Telecom 2_.pdf
2025-01-21 09:24:00,395 - __main__ - DEBUG - Atualizando campo 'nome' de '' para 'DEUSUITE CUNHA DE CARVALHO'
2025-01-21 09:24:00,406 - __main__ - DEBUG - Atualizando campo 'dia' de '' para '31'
2025-01-21 09:24:00,407 - __main__ - DEBUG - Atualizando campo 'mes' de '' para '01'
2025-01-21 09:24:00,409 - __main__ - DEBUG - Atualizando campo 'ano' de '' para '1962'
2025-01-21 09:24:00,412 - __main__ - DEBUG - Atualizando campo 'cpf' de '' para '066.179.088-64'
2025-01-21 09:24:00,414 - __main__ - DEBUG - Atualizando campo 'rg' de '' para '06617908864'
2025-01-21 09:24:00,416 - __main__ - DEBUG - Atualizando campo 'mae' de '' para 'ADONAI CUNHA DE CARVALHO'
2025-01-21 09:24:00,423 - __main__ - DEBUG - Atualizando campo 'telefone' de '' para '+5513991250432'
2025-01-21 09:24:00,428 - __main__ - DEBUG - Atualizando campo 'email' de '' para 'Deusuitecunha@gmail.com'
2025-01-21 09:24:00,432 - __main__ - DEBUG - Atualizando campo 'endereco' de '' para 'R. DOS JACARANDÁS'
2025-01-21 09:24:00,435 - __main__ - DEBUG - Atualizando campo 'numero' de '' para '31 '
2025-01-21 09:24:00,437 - __main__ - DEBUG - Atualizando campo 'bairro' de '' para 'SAMAMBAIA'
2025-01-21 09:24:00,440 - __main__ - DEBUG - Atualizando campo 'cidade' de '' para 'Praia Grande'
2025-01-21 09:24:00,441 - __main__ - DEBUG - Atualizando campo 'complemento' de '' para 'CASA '
2025-01-21 09:24:00,442 - __main__ - DEBUG - Atualizando campo 'estado' de '' para 'SP'
2025-01-21 09:24:00,443 - __main__ - DEBUG - Atualizando campo 'cep' de '' para '11712-480'
2025-01-21 09:24:00,447 - __main__ - DEBUG - Atualizando campo 'email_receber' de '' para 'Deusuitecunha@gmail.com'
2025-01-21 09:24:00,452 - __main__ - DEBUG - Atualizando campo 'Caixa de sele#C3#A7#C3#A3o 3' de 'Off' para 'Yes'
2025-01-21 09:24:00,454 - __main__ - DEBUG - Atualizando campo 'ciente1' de 'Off' para 'Yes'
2025-01-21 09:24:00,456 - __main__ - DEBUG - Atualizando campo 'beneficio' de 'Off' para 'Yes'
2025-01-21 09:24:00,457 - __main__ - DEBUG - Atualizando campo 'ciente2' de 'Off' para 'Yes'
2025-01-21 09:24:00,459 - __main__ - DEBUG - Atualizando campo 'ciente3' de 'Off' para 'Yes'
2025-01-21 09:24:00,498 - __main__ - DEBUG - Atualizando campo 'ciente4' de 'Off' para 'Yes'
2025-01-21 09:24:00,533 - __main__ - DEBUG - Atualizando campo 'ciente5' de 'Off' para 'Yes'
2025-01-21 09:24:00,553 - __main__ - DEBUG - Atualizando campo 'Caixa de sele#C3#A7#C3#A3o 11' de 'Off' para 'Yes'
2025-01-21 09:24:00,556 - __main__ - DEBUG - Atualizando campo 'ciente6' de 'Off' para 'Yes'
2025-01-21 09:24:00,558 - __main__ - DEBUG - Atualizando campo 'total' de '' para '79.99'
2025-01-21 09:24:00,560 - __main__ - DEBUG - Atualizando campo 'declaro' de 'Off' para 'Yes'
2025-01-21 09:24:00,561 - __main__ - DEBUG - Atualizando campo 'declaro1' de 'Off' para 'Yes'
2025-01-21 09:24:00,563 - __main__ - DEBUG - Atualizando campo 'declaro2' de 'Off' para 'Yes'
2025-01-21 09:24:00,565 - __main__ - DEBUG - Atualizando campo 'declaro3' de 'Off' para 'Yes'
2025-01-21 09:24:00,567 - __main__ - DEBUG - Atualizando campo 'declaro4' de 'Off' para 'Yes'
2025-01-21 09:24:00,568 - __main__ - DEBUG - Atualizando campo 'data1' de '' para '02-12-2024'
2025-01-21 09:24:00,570 - __main__ - DEBUG - Atualizando campo 'data2' de '' para '02-12-2024'
2025-01-21 09:24:00,603 - __main__ - INFO - PDF atualizado salvo em: DEUSUITE CUNHA DE CARVALHOTermo Algar Telecom 2_.pdf
2025-01-21 09:24:00,613 - __main__ - ERROR - Erro ao comprimir o PDF com Ghostscript: [WinError 2] O sistema não pode encontrar o arquivo especificado
2025-01-21 09:24:03,362 - __main__ - INFO - PDF processado e comprimido com sucesso.
2025-01-21 09:27:27,461 - __main__ - INFO - OLHE:   [48472]
2025-01-21 09:27:27,461 - __main__ - INFO - STATUS: 600
2025-01-21 09:27:27,461 - __main__ - INFO - Obtendo dados do Bitrix24 para o negócio ID: 214208
2025-01-21 09:27:27,743 - __main__ - INFO - Dados do Bitrix24 obtidos com sucesso.
2025-01-21 09:27:27,743 - __main__ - DEBUG - Valor obtido para UF_CRM_1713214941: '48472'
2025-01-21 09:27:28,668 - __main__ - INFO - Preenchendo campos no PDF: Termo Algar Telecom 2_.pdf
2025-01-21 09:27:28,674 - __main__ - DEBUG - Atualizando campo 'nome' de '' para 'DEUSUITE CUNHA DE CARVALHO'
2025-01-21 09:27:28,677 - __main__ - DEBUG - Atualizando campo 'dia' de '' para '31'
2025-01-21 09:27:28,680 - __main__ - DEBUG - Atualizando campo 'mes' de '' para '01'
2025-01-21 09:27:28,682 - __main__ - DEBUG - Atualizando campo 'ano' de '' para '1962'
2025-01-21 09:27:28,684 - __main__ - DEBUG - Atualizando campo 'cpf' de '' para '066.179.088-64'
2025-01-21 09:27:28,686 - __main__ - DEBUG - Atualizando campo 'rg' de '' para '06617908864'
2025-01-21 09:27:28,688 - __main__ - DEBUG - Atualizando campo 'mae' de '' para 'ADONAI CUNHA DE CARVALHO'
2025-01-21 09:27:28,691 - __main__ - DEBUG - Atualizando campo 'telefone' de '' para '+5513991250432'
2025-01-21 09:27:28,694 - __main__ - DEBUG - Atualizando campo 'email' de '' para 'Deusuitecunha@gmail.com'
2025-01-21 09:27:28,696 - __main__ - DEBUG - Atualizando campo 'endereco' de '' para 'R. DOS JACARANDÁS'
2025-01-21 09:27:28,698 - __main__ - DEBUG - Atualizando campo 'numero' de '' para '31 '
2025-01-21 09:27:28,700 - __main__ - DEBUG - Atualizando campo 'bairro' de '' para 'SAMAMBAIA'
2025-01-21 09:27:28,702 - __main__ - DEBUG - Atualizando campo 'cidade' de '' para 'Praia Grande'
2025-01-21 09:27:28,704 - __main__ - DEBUG - Atualizando campo 'complemento' de '' para 'CASA '
2025-01-21 09:27:28,705 - __main__ - DEBUG - Atualizando campo 'estado' de '' para 'SP'
2025-01-21 09:27:28,707 - __main__ - DEBUG - Atualizando campo 'cep' de '' para '11712-480'
2025-01-21 09:27:28,712 - __main__ - DEBUG - Atualizando campo 'email_receber' de '' para 'Deusuitecunha@gmail.com'
2025-01-21 09:27:28,716 - __main__ - DEBUG - Atualizando campo 'Caixa de sele#C3#A7#C3#A3o 3' de 'Off' para 'Yes'
2025-01-21 09:27:28,718 - __main__ - DEBUG - Atualizando campo 'ciente1' de 'Off' para 'Yes'
2025-01-21 09:27:28,719 - __main__ - DEBUG - Atualizando campo 'beneficio' de 'Off' para 'Yes'
2025-01-21 09:27:28,719 - __main__ - DEBUG - Atualizando campo 'ciente2' de 'Off' para 'Yes'
2025-01-21 09:27:28,719 - __main__ - DEBUG - Atualizando campo 'ciente3' de 'Off' para 'Yes'
2025-01-21 09:27:28,719 - __main__ - DEBUG - Atualizando campo 'ciente4' de 'Off' para 'Yes'
2025-01-21 09:27:28,728 - __main__ - DEBUG - Atualizando campo 'ciente5' de 'Off' para 'Yes'
2025-01-21 09:27:28,734 - __main__ - DEBUG - Atualizando campo 'Caixa de sele#C3#A7#C3#A3o 11' de 'Off' para 'Yes'
2025-01-21 09:27:28,737 - __main__ - DEBUG - Atualizando campo 'ciente6' de 'Off' para 'Yes'
2025-01-21 09:27:28,738 - __main__ - DEBUG - Atualizando campo 'total' de '' para '79.99'
2025-01-21 09:27:28,740 - __main__ - DEBUG - Atualizando campo 'declaro' de 'Off' para 'Yes'
2025-01-21 09:27:28,741 - __main__ - DEBUG - Atualizando campo 'declaro1' de 'Off' para 'Yes'
2025-01-21 09:27:28,743 - __main__ - DEBUG - Atualizando campo 'declaro2' de 'Off' para 'Yes'
2025-01-21 09:27:28,744 - __main__ - DEBUG - Atualizando campo 'declaro3' de 'Off' para 'Yes'
2025-01-21 09:27:28,746 - __main__ - DEBUG - Atualizando campo 'declaro4' de 'Off' para 'Yes'
2025-01-21 09:27:28,748 - __main__ - DEBUG - Atualizando campo 'data1' de '' para '02-12-2024'
2025-01-21 09:27:28,749 - __main__ - DEBUG - Atualizando campo 'data2' de '' para '02-12-2024'
2025-01-21 09:27:28,788 - __main__ - INFO - PDF atualizado salvo em: DEUSUITE CUNHA DE CARVALHOTermo Algar Telecom 2_.pdf
2025-01-21 09:27:28,811 - __main__ - ERROR - Erro ao comprimir o PDF com Ghostscript: [WinError 2] O sistema não pode encontrar o arquivo especificado
2025-01-21 09:27:32,045 - __main__ - INFO - PDF processado e comprimido com sucesso.
2025-01-21 09:31:40,081 - __main__ - INFO - OLHE:   [48472]
2025-01-21 09:31:40,081 - __main__ - INFO - STATUS: 600
2025-01-21 09:31:40,081 - __main__ - INFO - Obtendo dados do Bitrix24 para o negócio ID: 214208
2025-01-21 09:31:40,372 - __main__ - INFO - Dados do Bitrix24 obtidos com sucesso.
2025-01-21 09:32:20,406 - __main__ - INFO - OLHE:   [48472]
2025-01-21 09:32:20,406 - __main__ - INFO - STATUS: 600
2025-01-21 09:32:20,406 - __main__ - INFO - Obtendo dados do Bitrix24 para o negócio ID: 214208
2025-01-21 09:32:20,685 - __main__ - INFO - Dados do Bitrix24 obtidos com sucesso.
2025-01-21 09:32:20,685 - __main__ - DEBUG - Valor obtido para UF_CRM_1713214941: '48472'
2025-01-21 09:32:21,669 - __main__ - INFO - Preenchendo campos no PDF: Termo Algar Telecom 2_.pdf
2025-01-21 09:32:21,686 - __main__ - DEBUG - Atualizando campo 'nome' de '' para 'DEUSUITE CUNHA DE CARVALHO'
2025-01-21 09:32:21,703 - __main__ - DEBUG - Atualizando campo 'dia' de '' para '31'
2025-01-21 09:32:21,709 - __main__ - DEBUG - Atualizando campo 'mes' de '' para '01'
2025-01-21 09:32:21,714 - __main__ - DEBUG - Atualizando campo 'ano' de '' para '1962'
2025-01-21 09:32:21,722 - __main__ - DEBUG - Atualizando campo 'cpf' de '' para '066.179.088-64'
2025-01-21 09:32:21,724 - __main__ - DEBUG - Atualizando campo 'rg' de '' para '06617908864'
2025-01-21 09:32:21,727 - __main__ - DEBUG - Atualizando campo 'mae' de '' para 'ADONAI CUNHA DE CARVALHO'
2025-01-21 09:32:21,731 - __main__ - DEBUG - Atualizando campo 'telefone' de '' para '+5513991250432'
2025-01-21 09:32:21,733 - __main__ - DEBUG - Atualizando campo 'email' de '' para 'Deusuitecunha@gmail.com'
2025-01-21 09:32:21,736 - __main__ - DEBUG - Atualizando campo 'endereco' de '' para 'R. DOS JACARANDÁS'
2025-01-21 09:32:21,738 - __main__ - DEBUG - Atualizando campo 'numero' de '' para '31 '
2025-01-21 09:32:21,740 - __main__ - DEBUG - Atualizando campo 'bairro' de '' para 'SAMAMBAIA'
2025-01-21 09:32:21,743 - __main__ - DEBUG - Atualizando campo 'cidade' de '' para 'Praia Grande'
2025-01-21 09:32:21,745 - __main__ - DEBUG - Atualizando campo 'complemento' de '' para 'CASA '
2025-01-21 09:32:21,746 - __main__ - DEBUG - Atualizando campo 'estado' de '' para 'SP'
2025-01-21 09:32:21,748 - __main__ - DEBUG - Atualizando campo 'cep' de '' para '11712-480'
2025-01-21 09:32:21,754 - __main__ - DEBUG - Atualizando campo 'email_receber' de '' para 'Deusuitecunha@gmail.com'
2025-01-21 09:32:21,754 - __main__ - DEBUG - Atualizando campo 'Caixa de sele#C3#A7#C3#A3o 3' de 'Off' para 'Yes'
2025-01-21 09:32:21,760 - __main__ - DEBUG - Atualizando campo 'ciente1' de 'Off' para 'Yes'
2025-01-21 09:32:21,761 - __main__ - DEBUG - Atualizando campo 'beneficio' de 'Off' para 'Yes'
2025-01-21 09:32:21,762 - __main__ - DEBUG - Atualizando campo 'ciente2' de 'Off' para 'Yes'
2025-01-21 09:32:21,763 - __main__ - DEBUG - Atualizando campo 'ciente3' de 'Off' para 'Yes'
2025-01-21 09:32:21,765 - __main__ - DEBUG - Atualizando campo 'ciente4' de 'Off' para 'Yes'
2025-01-21 09:32:21,765 - __main__ - DEBUG - Atualizando campo 'ciente5' de 'Off' para 'Yes'
2025-01-21 09:32:21,772 - __main__ - DEBUG - Atualizando campo 'Caixa de sele#C3#A7#C3#A3o 11' de 'Off' para 'No'
2025-01-21 09:32:21,774 - __main__ - DEBUG - Atualizando campo 'ciente6' de 'Off' para 'Yes'
2025-01-21 09:32:21,776 - __main__ - DEBUG - Atualizando campo 'total' de '' para '79.99'
2025-01-21 09:32:21,778 - __main__ - DEBUG - Atualizando campo 'declaro' de 'Off' para 'Yes'
2025-01-21 09:32:21,779 - __main__ - DEBUG - Atualizando campo 'declaro1' de 'Off' para 'Yes'
2025-01-21 09:32:21,780 - __main__ - DEBUG - Atualizando campo 'declaro2' de 'Off' para 'Yes'
2025-01-21 09:32:21,780 - __main__ - DEBUG - Atualizando campo 'declaro3' de 'Off' para 'Yes'
2025-01-21 09:32:21,782 - __main__ - DEBUG - Atualizando campo 'declaro4' de 'Off' para 'Yes'
2025-01-21 09:32:21,783 - __main__ - DEBUG - Atualizando campo 'data1' de '' para '02-12-2024'
2025-01-21 09:32:21,784 - __main__ - DEBUG - Atualizando campo 'data2' de '' para '02-12-2024'
2025-01-21 09:32:21,819 - __main__ - INFO - PDF atualizado salvo em: DEUSUITE CUNHA DE CARVALHOTermo Algar Telecom 2_.pdf
2025-01-21 09:32:21,840 - __main__ - ERROR - Erro ao comprimir o PDF com Ghostscript: [WinError 2] O sistema não pode encontrar o arquivo especificado
2025-01-21 09:32:23,753 - __main__ - INFO - PDF processado e comprimido com sucesso.
2025-01-21 09:33:00,264 - __main__ - INFO - OLHE:   [48472]
2025-01-21 09:33:00,264 - __main__ - INFO - STATUS: 600
2025-01-21 09:33:00,264 - __main__ - INFO - Obtendo dados do Bitrix24 para o negócio ID: 214208
2025-01-21 09:33:00,518 - __main__ - INFO - Dados do Bitrix24 obtidos com sucesso.
2025-01-21 09:33:00,531 - __main__ - DEBUG - Valor obtido para UF_CRM_1713214941: '48472'
2025-01-21 09:33:01,431 - __main__ - INFO - Preenchendo campos no PDF: Termo Algar Telecom 2_.pdf
2025-01-21 09:33:01,457 - __main__ - DEBUG - Atualizando campo 'nome' de '' para 'DEUSUITE CUNHA DE CARVALHO'
2025-01-21 09:33:01,468 - __main__ - DEBUG - Atualizando campo 'dia' de '' para '31'
2025-01-21 09:33:01,471 - __main__ - DEBUG - Atualizando campo 'mes' de '' para '01'
2025-01-21 09:33:01,476 - __main__ - DEBUG - Atualizando campo 'ano' de '' para '1962'
2025-01-21 09:33:01,477 - __main__ - DEBUG - Atualizando campo 'cpf' de '' para '066.179.088-64'
2025-01-21 09:33:01,479 - __main__ - DEBUG - Atualizando campo 'rg' de '' para '06617908864'
2025-01-21 09:33:01,482 - __main__ - DEBUG - Atualizando campo 'mae' de '' para 'ADONAI CUNHA DE CARVALHO'
2025-01-21 09:33:01,489 - __main__ - DEBUG - Atualizando campo 'telefone' de '' para '+5513991250432'
2025-01-21 09:33:01,490 - __main__ - DEBUG - Atualizando campo 'email' de '' para 'Deusuitecunha@gmail.com'
2025-01-21 09:33:01,531 - __main__ - DEBUG - Atualizando campo 'endereco' de '' para 'R. DOS JACARANDÁS'
2025-01-21 09:33:01,564 - __main__ - DEBUG - Atualizando campo 'numero' de '' para '31 '
2025-01-21 09:33:01,564 - __main__ - DEBUG - Atualizando campo 'bairro' de '' para 'SAMAMBAIA'
2025-01-21 09:33:01,564 - __main__ - DEBUG - Atualizando campo 'cidade' de '' para 'Praia Grande'
2025-01-21 09:33:01,564 - __main__ - DEBUG - Atualizando campo 'complemento' de '' para 'CASA '
2025-01-21 09:33:01,581 - __main__ - DEBUG - Atualizando campo 'estado' de '' para 'SP'
2025-01-21 09:33:01,587 - __main__ - DEBUG - Atualizando campo 'cep' de '' para '11712-480'
2025-01-21 09:33:01,590 - __main__ - DEBUG - Atualizando campo 'email_receber' de '' para 'Deusuitecunha@gmail.com'
2025-01-21 09:33:01,593 - __main__ - DEBUG - Atualizando campo 'Caixa de sele#C3#A7#C3#A3o 3' de 'Off' para 'Yes'
2025-01-21 09:33:01,595 - __main__ - DEBUG - Atualizando campo 'ciente1' de 'Off' para 'Yes'
2025-01-21 09:33:01,596 - __main__ - DEBUG - Atualizando campo 'beneficio' de 'Off' para 'Yes'
2025-01-21 09:33:01,597 - __main__ - DEBUG - Atualizando campo 'ciente2' de 'Off' para 'Yes'
2025-01-21 09:33:01,597 - __main__ - DEBUG - Atualizando campo 'ciente3' de 'Off' para 'Yes'
2025-01-21 09:33:01,602 - __main__ - DEBUG - Atualizando campo 'ciente4' de 'Off' para 'Yes'
2025-01-21 09:33:01,603 - __main__ - DEBUG - Atualizando campo 'ciente5' de 'Off' para 'Yes'
2025-01-21 09:33:01,607 - __main__ - DEBUG - Atualizando campo 'Caixa de sele#C3#A7#C3#A3o 11' de 'Off' para 'No'
2025-01-21 09:33:01,608 - __main__ - DEBUG - Atualizando campo 'ciente6' de 'Off' para 'Yes'
2025-01-21 09:33:01,609 - __main__ - DEBUG - Atualizando campo '24meses' de 'Off' para 'Yes'
2025-01-21 09:33:01,610 - __main__ - DEBUG - Atualizando campo 'total' de '' para '79.99'
2025-01-21 09:33:01,612 - __main__ - DEBUG - Atualizando campo 'declaro' de 'Off' para 'Yes'
2025-01-21 09:33:01,613 - __main__ - DEBUG - Atualizando campo 'declaro1' de 'Off' para 'Yes'
2025-01-21 09:33:01,614 - __main__ - DEBUG - Atualizando campo 'declaro2' de 'Off' para 'Yes'
2025-01-21 09:33:01,614 - __main__ - DEBUG - Atualizando campo 'declaro3' de 'Off' para 'Yes'
2025-01-21 09:33:01,614 - __main__ - DEBUG - Atualizando campo 'declaro4' de 'Off' para 'Yes'
2025-01-21 09:33:01,614 - __main__ - DEBUG - Atualizando campo 'data1' de '' para '02-12-2024'
2025-01-21 09:33:01,614 - __main__ - DEBUG - Atualizando campo 'data2' de '' para '02-12-2024'
2025-01-21 09:33:01,654 - __main__ - INFO - PDF atualizado salvo em: DEUSUITE CUNHA DE CARVALHOTermo Algar Telecom 2_.pdf
2025-01-21 09:33:01,672 - __main__ - ERROR - Erro ao comprimir o PDF com Ghostscript: [WinError 2] O sistema não pode encontrar o arquivo especificado
2025-01-21 09:33:03,585 - __main__ - INFO - PDF processado e comprimido com sucesso.
2025-01-21 09:35:20,675 - __main__ - INFO - OLHE:   [48472]
2025-01-21 09:35:20,675 - __main__ - INFO - STATUS: 600
2025-01-21 09:35:20,675 - __main__ - INFO - Obtendo dados do Bitrix24 para o negócio ID: 214208
2025-01-21 09:35:20,952 - __main__ - INFO - Dados do Bitrix24 obtidos com sucesso.
2025-01-21 09:35:20,953 - __main__ - DEBUG - Valor obtido para UF_CRM_1713214941: '48472'
2025-01-21 09:35:25,964 - __main__ - INFO - Preenchendo campos no PDF: Termo Algar Telecom 2_.pdf
2025-01-21 09:35:25,980 - __main__ - DEBUG - Atualizando campo 'nome' de '' para 'DEUSUITE CUNHA DE CARVALHO'
2025-01-21 09:35:25,996 - __main__ - DEBUG - Atualizando campo 'dia' de '' para '31'
2025-01-21 09:35:25,998 - __main__ - DEBUG - Atualizando campo 'mes' de '' para '01'
2025-01-21 09:35:25,999 - __main__ - DEBUG - Atualizando campo 'ano' de '' para '1962'
2025-01-21 09:35:26,001 - __main__ - DEBUG - Atualizando campo 'cpf' de '' para '066.179.088-64'
2025-01-21 09:35:26,004 - __main__ - DEBUG - Atualizando campo 'rg' de '' para '06617908864'
2025-01-21 09:35:26,006 - __main__ - DEBUG - Atualizando campo 'mae' de '' para 'ADONAI CUNHA DE CARVALHO'
2025-01-21 09:35:26,011 - __main__ - DEBUG - Atualizando campo 'telefone' de '' para '+5513991250432'
2025-01-21 09:35:26,015 - __main__ - DEBUG - Atualizando campo 'email' de '' para 'Deusuitecunha@gmail.com'
2025-01-21 09:35:26,017 - __main__ - DEBUG - Atualizando campo 'endereco' de '' para 'R. DOS JACARANDÁS'
2025-01-21 09:35:26,020 - __main__ - DEBUG - Atualizando campo 'numero' de '' para '31 '
2025-01-21 09:35:26,021 - __main__ - DEBUG - Atualizando campo 'bairro' de '' para 'SAMAMBAIA'
2025-01-21 09:35:26,021 - __main__ - DEBUG - Atualizando campo 'cidade' de '' para 'Praia Grande'
2025-01-21 09:35:26,021 - __main__ - DEBUG - Atualizando campo 'complemento' de '' para 'CASA '
2025-01-21 09:35:26,021 - __main__ - DEBUG - Atualizando campo 'estado' de '' para 'SP'
2025-01-21 09:35:26,021 - __main__ - DEBUG - Atualizando campo 'cep' de '' para '11712-480'
2025-01-21 09:35:26,029 - __main__ - DEBUG - Atualizando campo 'email_receber' de '' para 'Deusuitecunha@gmail.com'
2025-01-21 09:35:26,032 - __main__ - DEBUG - Atualizando campo 'Caixa de sele#C3#A7#C3#A3o 3' de 'Off' para 'Yes'
2025-01-21 09:35:26,033 - __main__ - DEBUG - Atualizando campo 'ciente1' de 'Off' para 'Yes'
2025-01-21 09:35:26,034 - __main__ - DEBUG - Atualizando campo 'beneficio' de 'Off' para 'Yes'
2025-01-21 09:35:26,035 - __main__ - DEBUG - Atualizando campo 'ciente2' de 'Off' para 'Yes'
2025-01-21 09:35:26,036 - __main__ - DEBUG - Atualizando campo 'ciente3' de 'Off' para 'Yes'
2025-01-21 09:35:26,038 - __main__ - DEBUG - Atualizando campo 'ciente4' de 'Off' para 'Yes'
2025-01-21 09:35:26,039 - __main__ - DEBUG - Atualizando campo 'ciente5' de 'Off' para 'Yes'
2025-01-21 09:35:26,044 - __main__ - DEBUG - Atualizando campo 'Caixa de sele#C3#A7#C3#A3o 11' de 'Off' para 'No'
2025-01-21 09:35:26,048 - __main__ - DEBUG - Atualizando campo 'ciente6' de 'Off' para 'Yes'
2025-01-21 09:35:26,049 - __main__ - DEBUG - Atualizando campo '24meses' de 'Off' para 'Yes'
2025-01-21 09:35:26,050 - __main__ - DEBUG - Atualizando campo 'total' de '' para '79.99'
2025-01-21 09:35:26,051 - __main__ - DEBUG - Atualizando campo 'declaro' de 'Off' para 'Yes'
2025-01-21 09:35:26,051 - __main__ - DEBUG - Atualizando campo 'declaro1' de 'Off' para 'Yes'
2025-01-21 09:35:26,051 - __main__ - DEBUG - Atualizando campo 'declaro2' de 'Off' para 'Yes'
2025-01-21 09:35:26,051 - __main__ - DEBUG - Atualizando campo 'declaro3' de 'Off' para 'Yes'
2025-01-21 09:35:26,051 - __main__ - DEBUG - Atualizando campo 'declaro4' de 'Off' para 'Yes'
2025-01-21 09:35:26,056 - __main__ - DEBUG - Atualizando campo 'data1' de '' para '02-12-2024'
2025-01-21 09:35:26,057 - __main__ - DEBUG - Atualizando campo 'data2' de '' para '02-12-2024'
2025-01-21 09:35:26,094 - __main__ - INFO - PDF atualizado salvo em: DEUSUITE CUNHA DE CARVALHOTermo Algar Telecom 2_.pdf
2025-01-21 09:35:26,116 - __main__ - ERROR - Erro ao comprimir o PDF com Ghostscript: [WinError 2] O sistema não pode encontrar o arquivo especificado
2025-01-21 09:35:28,527 - __main__ - INFO - PDF processado e comprimido com sucesso.
2025-01-21 09:45:48,690 - __main__ - INFO - OLHE:   [48476]
2025-01-21 09:45:48,690 - __main__ - INFO - STATUS: original
2025-01-21 09:45:48,690 - __main__ - INFO - Obtendo dados do Bitrix24 para o negócio ID: 214208
2025-01-21 09:45:48,967 - __main__ - INFO - Dados do Bitrix24 obtidos com sucesso.
2025-01-21 09:45:48,976 - __main__ - DEBUG - Valor obtido para UF_CRM_1713214941: '48476'
2025-01-21 09:45:49,872 - __main__ - INFO - Preenchendo campos no PDF: Termo Algar Telecom.pdf
2025-01-21 09:45:49,889 - __main__ - DEBUG - Atualizando campo 'Caixa de texto 1' de '' para 'DEUSUITE CUNHA DE CARVALHO'
2025-01-21 09:45:49,894 - __main__ - DEBUG - Atualizando campo 'Caixa de texto 5' de '' para '31'
2025-01-21 09:45:49,895 - __main__ - DEBUG - Atualizando campo 'Caixa de texto 6' de '' para '01'
2025-01-21 09:45:49,897 - __main__ - DEBUG - Atualizando campo 'Caixa de texto 7' de '' para '1962'
2025-01-21 09:45:49,897 - __main__ - DEBUG - Atualizando campo 'Caixa de texto 2' de '' para '06617908864'
2025-01-21 09:45:49,897 - __main__ - DEBUG - Atualizando campo 'Caixa de texto 3' de '' para '066.179.088-64'
2025-01-21 09:45:49,903 - __main__ - DEBUG - Atualizando campo 'Caixa de texto 29' de '' para 'ADONAI CUNHA DE CARVALHO'
2025-01-21 09:45:49,905 - __main__ - DEBUG - Atualizando campo 'Caixa de texto 9' de '' para '+5513991250432'
2025-01-21 09:45:49,906 - __main__ - DEBUG - Atualizando campo 'Caixa de texto 8' de '' para 'Deusuitecunha@gmail.com'
2025-01-21 09:45:49,908 - __main__ - DEBUG - Atualizando campo 'Caixa de texto 4' de '' para 'R. DOS JACARANDÁS'
2025-01-21 09:45:49,909 - __main__ - DEBUG - Atualizando campo 'Caixa de texto 10' de '' para '31 '
2025-01-21 09:45:49,910 - __main__ - DEBUG - Atualizando campo 'Caixa de texto 11' de '' para 'SAMAMBAIA'
2025-01-21 09:45:49,911 - __main__ - DEBUG - Atualizando campo 'Caixa de texto 12' de '' para 'CASA '
2025-01-21 09:45:49,912 - __main__ - DEBUG - Atualizando campo 'Caixa de texto 13' de '' para 'Praia Grande'
2025-01-21 09:45:49,914 - __main__ - DEBUG - Atualizando campo 'Caixa de texto 14' de '' para 'SP'
2025-01-21 09:45:49,915 - __main__ - DEBUG - Atualizando campo 'Caixa de texto 15' de '' para '11712-480'
2025-01-21 09:45:49,917 - __main__ - DEBUG - Atualizando campo 'Caixa de sele#C3#A7#C3#A3o 11' de 'Off' para 'Yes'
2025-01-21 09:45:49,918 - __main__ - DEBUG - Atualizando campo 'Caixa de texto 21' de '' para 'Deusuitecunha@gmail.com'
2025-01-21 09:45:49,923 - __main__ - DEBUG - Atualizando campo 'oito' de 'Off' para 'Yes'
2025-01-21 09:45:49,925 - __main__ - DEBUG - Atualizando campo 'Caixa de sele#C3#A7#C3#A3o 2' de 'Off' para 'Yes'
2025-01-21 09:45:49,927 - __main__ - DEBUG - Atualizando campo 'ciente1' de 'Off' para 'Yes'
2025-01-21 09:45:49,929 - __main__ - DEBUG - Atualizando campo 'ciente2' de 'Off' para 'Yes'
2025-01-21 09:45:49,930 - __main__ - DEBUG - Atualizando campo 'ciente3' de 'Off' para 'Yes'
2025-01-21 09:45:49,933 - __main__ - DEBUG - Atualizando campo 'ciente4' de 'Off' para 'Yes'
2025-01-21 09:45:49,934 - __main__ - DEBUG - Atualizando campo 'ciente5' de 'Off' para 'Yes'
2025-01-21 09:45:49,940 - __main__ - DEBUG - Atualizando campo 'ciente6' de 'Off' para 'Yes'
2025-01-21 09:45:49,943 - __main__ - DEBUG - Atualizando campo 'Caixa de sele#C3#A7#C3#A3o 12_3' de 'Off' para 'Yes'
2025-01-21 09:45:49,944 - __main__ - DEBUG - Atualizando campo 'dinheiro' de '' para '79.99'
2025-01-21 09:45:49,946 - __main__ - DEBUG - Atualizando campo 'Caixa de sele#C3#A7#C3#A3o 15_2' de 'Off' para 'Yes'
2025-01-21 09:45:49,947 - __main__ - DEBUG - Atualizando campo 'Caixa de sele#C3#A7#C3#A3o 1_3' de 'Off' para 'Yes'
2025-01-21 09:45:49,948 - __main__ - DEBUG - Atualizando campo 'Caixa de sele#C3#A7#C3#A3o 2_4' de 'Off' para 'Yes'
2025-01-21 09:45:49,950 - __main__ - DEBUG - Atualizando campo 'Caixa de sele#C3#A7#C3#A3o 3_3' de 'Off' para 'Yes'
2025-01-21 09:45:49,950 - __main__ - DEBUG - Atualizando campo 'Caixa de sele#C3#A7#C3#A3o 4_4' de 'Off' para 'Yes'
2025-01-21 09:45:49,951 - __main__ - DEBUG - Atualizando campo 'Caixa de texto 1_2' de '' para '02-12-2024'
2025-01-21 09:45:49,953 - __main__ - DEBUG - Atualizando campo 'Caixa de texto 1_3' de '' para '02-12-2024'
2025-01-21 09:45:49,991 - __main__ - INFO - PDF atualizado salvo em: DEUSUITE CUNHA DE CARVALHOTermo Algar Telecom.pdf
2025-01-21 09:45:50,010 - __main__ - ERROR - Erro ao comprimir o PDF com Ghostscript: [WinError 2] O sistema não pode encontrar o arquivo especificado
2025-01-21 09:45:52,371 - __main__ - INFO - PDF processado e comprimido com sucesso.
2025-01-21 09:47:22,376 - __main__ - INFO - OLHE:   [48476]
2025-01-21 09:47:22,378 - __main__ - INFO - STATUS: original
2025-01-21 09:47:22,378 - __main__ - INFO - Obtendo dados do Bitrix24 para o negócio ID: 214208
2025-01-21 09:47:22,635 - __main__ - INFO - Dados do Bitrix24 obtidos com sucesso.
2025-01-21 09:47:22,652 - __main__ - DEBUG - Valor obtido para UF_CRM_1713214941: '48476'
2025-01-21 09:47:23,618 - __main__ - INFO - Preenchendo campos no PDF: Termo Algar Telecom.pdf
2025-01-21 09:47:23,647 - __main__ - DEBUG - Atualizando campo 'Caixa de texto 1' de '' para 'DEUSUITE CUNHA DE CARVALHO'
2025-01-21 09:47:23,654 - __main__ - DEBUG - Atualizando campo 'Caixa de texto 5' de '' para '31'
2025-01-21 09:47:23,656 - __main__ - DEBUG - Atualizando campo 'Caixa de texto 6' de '' para '01'
2025-01-21 09:47:23,657 - __main__ - DEBUG - Atualizando campo 'Caixa de texto 7' de '' para '1962'
2025-01-21 09:47:23,657 - __main__ - DEBUG - Atualizando campo 'Caixa de texto 2' de '' para '06617908864'
2025-01-21 09:47:23,657 - __main__ - DEBUG - Atualizando campo 'Caixa de texto 3' de '' para '066.179.088-64'
2025-01-21 09:47:23,668 - __main__ - DEBUG - Atualizando campo 'Caixa de texto 29' de '' para 'ADONAI CUNHA DE CARVALHO'
2025-01-21 09:47:23,668 - __main__ - DEBUG - Atualizando campo 'Caixa de texto 9' de '' para '+5513991250432'
2025-01-21 09:47:23,668 - __main__ - DEBUG - Atualizando campo 'Caixa de texto 8' de '' para 'Deusuitecunha@gmail.com'
2025-01-21 09:47:23,677 - __main__ - DEBUG - Atualizando campo 'Caixa de texto 4' de '' para 'R. DOS JACARANDÁS'
2025-01-21 09:47:23,679 - __main__ - DEBUG - Atualizando campo 'Caixa de texto 10' de '' para '31 '
2025-01-21 09:47:23,680 - __main__ - DEBUG - Atualizando campo 'Caixa de texto 11' de '' para 'SAMAMBAIA'
2025-01-21 09:47:23,681 - __main__ - DEBUG - Atualizando campo 'Caixa de texto 12' de '' para 'CASA '
2025-01-21 09:47:23,682 - __main__ - DEBUG - Atualizando campo 'Caixa de texto 13' de '' para 'Praia Grande'
2025-01-21 09:47:23,683 - __main__ - DEBUG - Atualizando campo 'Caixa de texto 14' de '' para 'SP'
2025-01-21 09:47:23,685 - __main__ - DEBUG - Atualizando campo 'Caixa de texto 15' de '' para '11712-480'
2025-01-21 09:47:23,689 - __main__ - DEBUG - Atualizando campo 'Caixa de sele#C3#A7#C3#A3o 11' de 'Off' para 'Yes'
2025-01-21 09:47:23,691 - __main__ - DEBUG - Atualizando campo 'Caixa de texto 21' de '' para 'Deusuitecunha@gmail.com'
2025-01-21 09:47:23,694 - __main__ - DEBUG - Atualizando campo 'oito' de 'Off' para 'Yes'
2025-01-21 09:47:23,696 - __main__ - DEBUG - Atualizando campo 'ciente1' de 'Off' para 'Yes'
2025-01-21 09:47:23,697 - __main__ - DEBUG - Atualizando campo 'Caixa de sele#C3#A7#C3#A3o 4' de 'Off' para 'Yes'
2025-01-21 09:47:23,698 - __main__ - DEBUG - Atualizando campo 'ciente2' de 'Off' para 'Yes'
2025-01-21 09:47:23,700 - __main__ - DEBUG - Atualizando campo 'ciente3' de 'Off' para 'Yes'
2025-01-21 09:47:23,701 - __main__ - DEBUG - Atualizando campo 'ciente4' de 'Off' para 'Yes'
2025-01-21 09:47:23,705 - __main__ - DEBUG - Atualizando campo 'ciente5' de 'Off' para 'Yes'
2025-01-21 09:47:23,709 - __main__ - DEBUG - Atualizando campo 'ciente6' de 'Off' para 'Yes'
2025-01-21 09:47:23,711 - __main__ - DEBUG - Atualizando campo 'Caixa de sele#C3#A7#C3#A3o 12_3' de 'Off' para 'Yes'
2025-01-21 09:47:23,713 - __main__ - DEBUG - Atualizando campo 'dinheiro' de '' para '79.99'
2025-01-21 09:47:23,715 - __main__ - DEBUG - Atualizando campo 'Caixa de sele#C3#A7#C3#A3o 15_2' de 'Off' para 'Yes'
2025-01-21 09:47:23,716 - __main__ - DEBUG - Atualizando campo 'Caixa de sele#C3#A7#C3#A3o 1_3' de 'Off' para 'Yes'
2025-01-21 09:47:23,719 - __main__ - DEBUG - Atualizando campo 'Caixa de sele#C3#A7#C3#A3o 2_4' de 'Off' para 'Yes'
2025-01-21 09:47:23,719 - __main__ - DEBUG - Atualizando campo 'Caixa de sele#C3#A7#C3#A3o 3_3' de 'Off' para 'Yes'
2025-01-21 09:47:23,719 - __main__ - DEBUG - Atualizando campo 'Caixa de sele#C3#A7#C3#A3o 4_4' de 'Off' para 'Yes'
2025-01-21 09:47:23,719 - __main__ - DEBUG - Atualizando campo 'Caixa de texto 1_2' de '' para '02-12-2024'
2025-01-21 09:47:23,723 - __main__ - DEBUG - Atualizando campo 'Caixa de texto 1_3' de '' para '02-12-2024'
2025-01-21 09:47:23,752 - __main__ - INFO - PDF atualizado salvo em: DEUSUITE CUNHA DE CARVALHOTermo Algar Telecom.pdf
2025-01-21 09:47:23,768 - __main__ - ERROR - Erro ao comprimir o PDF com Ghostscript: [WinError 2] O sistema não pode encontrar o arquivo especificado
2025-01-21 09:47:26,356 - __main__ - INFO - PDF processado e comprimido com sucesso.
2025-01-21 09:48:33,606 - __main__ - INFO - OLHE:   [48740]
2025-01-21 09:48:33,606 - __main__ - INFO - STATUS: original
2025-01-21 09:48:33,607 - __main__ - INFO - Obtendo dados do Bitrix24 para o negócio ID: 214208
2025-01-21 09:48:33,856 - __main__ - INFO - Dados do Bitrix24 obtidos com sucesso.
2025-01-21 09:48:33,857 - __main__ - DEBUG - Valor obtido para UF_CRM_1713214941: '48740'
2025-01-21 09:48:33,857 - __main__ - WARNING - Status '48740' não corresponde a nenhum valor conhecido.
2025-01-21 09:48:34,775 - __main__ - INFO - Preenchendo campos no PDF: Termo Algar Telecom.pdf
2025-01-21 09:48:34,775 - __main__ - DEBUG - Atualizando campo 'Caixa de texto 1' de '' para 'DEUSUITE CUNHA DE CARVALHO'
2025-01-21 09:48:34,790 - __main__ - DEBUG - Atualizando campo 'Caixa de texto 5' de '' para '31'
2025-01-21 09:48:34,796 - __main__ - DEBUG - Atualizando campo 'Caixa de texto 6' de '' para '01'
2025-01-21 09:48:34,798 - __main__ - DEBUG - Atualizando campo 'Caixa de texto 7' de '' para '1962'
2025-01-21 09:48:34,799 - __main__ - DEBUG - Atualizando campo 'Caixa de texto 2' de '' para '06617908864'
2025-01-21 09:48:34,799 - __main__ - DEBUG - Atualizando campo 'Caixa de texto 3' de '' para '066.179.088-64'
2025-01-21 09:48:34,804 - __main__ - DEBUG - Atualizando campo 'Caixa de texto 29' de '' para 'ADONAI CUNHA DE CARVALHO'
2025-01-21 09:48:34,805 - __main__ - DEBUG - Atualizando campo 'Caixa de texto 9' de '' para '+5513991250432'
2025-01-21 09:48:34,807 - __main__ - DEBUG - Atualizando campo 'Caixa de texto 8' de '' para 'Deusuitecunha@gmail.com'
2025-01-21 09:48:34,809 - __main__ - DEBUG - Atualizando campo 'Caixa de texto 4' de '' para 'R. DOS JACARANDÁS'
2025-01-21 09:48:34,810 - __main__ - DEBUG - Atualizando campo 'Caixa de texto 10' de '' para '31 '
2025-01-21 09:48:34,812 - __main__ - DEBUG - Atualizando campo 'Caixa de texto 11' de '' para 'SAMAMBAIA'
2025-01-21 09:48:34,813 - __main__ - DEBUG - Atualizando campo 'Caixa de texto 12' de '' para 'CASA '
2025-01-21 09:48:34,815 - __main__ - DEBUG - Atualizando campo 'Caixa de texto 13' de '' para 'Praia Grande'
2025-01-21 09:48:34,816 - __main__ - DEBUG - Atualizando campo 'Caixa de texto 14' de '' para 'SP'
2025-01-21 09:48:34,817 - __main__ - DEBUG - Atualizando campo 'Caixa de texto 15' de '' para '11712-480'
2025-01-21 09:48:34,819 - __main__ - DEBUG - Atualizando campo 'Caixa de sele#C3#A7#C3#A3o 11' de 'Off' para 'Yes'
2025-01-21 09:48:34,822 - __main__ - DEBUG - Atualizando campo 'Caixa de texto 21' de '' para 'Deusuitecunha@gmail.com'
2025-01-21 09:48:34,827 - __main__ - DEBUG - Atualizando campo 'ciente1' de 'Off' para 'Yes'
2025-01-21 09:48:34,827 - __main__ - DEBUG - Atualizando campo 'Caixa de sele#C3#A7#C3#A3o 4' de 'Off' para 'No'
2025-01-21 09:48:34,831 - __main__ - DEBUG - Atualizando campo 'ciente2' de 'Off' para 'Yes'
2025-01-21 09:48:34,833 - __main__ - DEBUG - Atualizando campo 'ciente3' de 'Off' para 'Yes'
2025-01-21 09:48:34,835 - __main__ - DEBUG - Atualizando campo 'ciente4' de 'Off' para 'Yes'
2025-01-21 09:48:34,836 - __main__ - DEBUG - Atualizando campo 'ciente5' de 'Off' para 'Yes'
2025-01-21 09:48:34,840 - __main__ - DEBUG - Atualizando campo 'ciente6' de 'Off' para 'Yes'
2025-01-21 09:48:34,844 - __main__ - DEBUG - Atualizando campo 'Caixa de sele#C3#A7#C3#A3o 12_3' de 'Off' para 'Yes'
2025-01-21 09:48:34,845 - __main__ - DEBUG - Atualizando campo 'dinheiro' de '' para '79.99'
2025-01-21 09:48:34,847 - __main__ - DEBUG - Atualizando campo 'Caixa de sele#C3#A7#C3#A3o 15_2' de 'Off' para 'Yes'
2025-01-21 09:48:34,848 - __main__ - DEBUG - Atualizando campo 'Caixa de sele#C3#A7#C3#A3o 1_3' de 'Off' para 'Yes'
2025-01-21 09:48:34,848 - __main__ - DEBUG - Atualizando campo 'Caixa de sele#C3#A7#C3#A3o 2_4' de 'Off' para 'Yes'
2025-01-21 09:48:34,848 - __main__ - DEBUG - Atualizando campo 'Caixa de sele#C3#A7#C3#A3o 3_3' de 'Off' para 'Yes'
2025-01-21 09:48:34,848 - __main__ - DEBUG - Atualizando campo 'Caixa de sele#C3#A7#C3#A3o 4_4' de 'Off' para 'Yes'
2025-01-21 09:48:34,848 - __main__ - DEBUG - Atualizando campo 'Caixa de texto 1_2' de '' para '02-12-2024'
2025-01-21 09:48:34,848 - __main__ - DEBUG - Atualizando campo 'Caixa de texto 1_3' de '' para '02-12-2024'
2025-01-21 09:48:34,876 - __main__ - INFO - PDF atualizado salvo em: DEUSUITE CUNHA DE CARVALHOTermo Algar Telecom.pdf
2025-01-21 09:48:34,891 - __main__ - ERROR - Erro ao comprimir o PDF com Ghostscript: [WinError 2] O sistema não pode encontrar o arquivo especificado
2025-01-21 09:48:36,723 - __main__ - INFO - PDF processado e comprimido com sucesso.
2025-01-21 09:49:25,558 - __main__ - INFO - OLHE:   [48472]
2025-01-21 09:49:25,558 - __main__ - INFO - STATUS: 600
2025-01-21 09:49:25,558 - __main__ - INFO - Obtendo dados do Bitrix24 para o negócio ID: 214208
2025-01-21 09:49:25,839 - __main__ - INFO - Dados do Bitrix24 obtidos com sucesso.
2025-01-21 09:49:25,840 - __main__ - DEBUG - Valor obtido para UF_CRM_1713214941: '48472'
2025-01-21 09:49:26,858 - __main__ - INFO - Preenchendo campos no PDF: Termo Algar Telecom 2_.pdf
2025-01-21 09:49:26,875 - __main__ - DEBUG - Atualizando campo 'nome' de '' para 'DEUSUITE CUNHA DE CARVALHO'
2025-01-21 09:49:26,891 - __main__ - DEBUG - Atualizando campo 'dia' de '' para '31'
2025-01-21 09:49:26,894 - __main__ - DEBUG - Atualizando campo 'mes' de '' para '01'
2025-01-21 09:49:26,895 - __main__ - DEBUG - Atualizando campo 'ano' de '' para '1962'
2025-01-21 09:49:26,897 - __main__ - DEBUG - Atualizando campo 'cpf' de '' para '066.179.088-64'
2025-01-21 09:49:26,899 - __main__ - DEBUG - Atualizando campo 'rg' de '' para '06617908864'
2025-01-21 09:49:26,901 - __main__ - DEBUG - Atualizando campo 'mae' de '' para 'ADONAI CUNHA DE CARVALHO'
2025-01-21 09:49:26,904 - __main__ - DEBUG - Atualizando campo 'telefone' de '' para '+5513991250432'
2025-01-21 09:49:26,905 - __main__ - DEBUG - Atualizando campo 'email' de '' para 'Deusuitecunha@gmail.com'
2025-01-21 09:49:26,908 - __main__ - DEBUG - Atualizando campo 'endereco' de '' para 'R. DOS JACARANDÁS'
2025-01-21 09:49:26,911 - __main__ - DEBUG - Atualizando campo 'numero' de '' para '31 '
2025-01-21 09:49:26,913 - __main__ - DEBUG - Atualizando campo 'bairro' de '' para 'SAMAMBAIA'
2025-01-21 09:49:26,915 - __main__ - DEBUG - Atualizando campo 'cidade' de '' para 'Praia Grande'
2025-01-21 09:49:26,917 - __main__ - DEBUG - Atualizando campo 'complemento' de '' para 'CASA '
2025-01-21 09:49:26,918 - __main__ - DEBUG - Atualizando campo 'estado' de '' para 'SP'
2025-01-21 09:49:26,920 - __main__ - DEBUG - Atualizando campo 'cep' de '' para '11712-480'
2025-01-21 09:49:26,925 - __main__ - DEBUG - Atualizando campo 'email_receber' de '' para 'Deusuitecunha@gmail.com'
2025-01-21 09:49:26,928 - __main__ - DEBUG - Atualizando campo 'Caixa de sele#C3#A7#C3#A3o 3' de 'Off' para 'Yes'
2025-01-21 09:49:26,929 - __main__ - DEBUG - Atualizando campo 'ciente1' de 'Off' para 'Yes'
2025-01-21 09:49:26,930 - __main__ - DEBUG - Atualizando campo 'beneficio' de 'Off' para 'Yes'
2025-01-21 09:49:26,931 - __main__ - DEBUG - Atualizando campo 'ciente2' de 'Off' para 'Yes'
2025-01-21 09:49:26,933 - __main__ - DEBUG - Atualizando campo 'ciente3' de 'Off' para 'Yes'
2025-01-21 09:49:26,935 - __main__ - DEBUG - Atualizando campo 'ciente4' de 'Off' para 'Yes'
2025-01-21 09:49:26,937 - __main__ - DEBUG - Atualizando campo 'ciente5' de 'Off' para 'Yes'
2025-01-21 09:49:26,938 - __main__ - DEBUG - Atualizando campo 'Caixa de sele#C3#A7#C3#A3o 4' de 'Off' para 'No'
2025-01-21 09:49:26,942 - __main__ - DEBUG - Atualizando campo 'Caixa de sele#C3#A7#C3#A3o 11' de 'Off' para 'No'
2025-01-21 09:49:26,944 - __main__ - DEBUG - Atualizando campo 'ciente6' de 'Off' para 'Yes'
2025-01-21 09:49:26,944 - __main__ - DEBUG - Atualizando campo '24meses' de 'Off' para 'Yes'
2025-01-21 09:49:26,944 - __main__ - DEBUG - Atualizando campo 'total' de '' para '79.99'
2025-01-21 09:49:26,950 - __main__ - DEBUG - Atualizando campo 'declaro' de 'Off' para 'Yes'
2025-01-21 09:49:26,951 - __main__ - DEBUG - Atualizando campo 'declaro1' de 'Off' para 'Yes'
2025-01-21 09:49:26,952 - __main__ - DEBUG - Atualizando campo 'declaro2' de 'Off' para 'Yes'
2025-01-21 09:49:26,953 - __main__ - DEBUG - Atualizando campo 'declaro3' de 'Off' para 'Yes'
2025-01-21 09:49:26,954 - __main__ - DEBUG - Atualizando campo 'declaro4' de 'Off' para 'Yes'
2025-01-21 09:49:26,955 - __main__ - DEBUG - Atualizando campo 'data1' de '' para '02-12-2024'
2025-01-21 09:49:26,958 - __main__ - DEBUG - Atualizando campo 'data2' de '' para '02-12-2024'
2025-01-21 09:49:27,000 - __main__ - INFO - PDF atualizado salvo em: DEUSUITE CUNHA DE CARVALHOTermo Algar Telecom 2_.pdf
2025-01-21 09:49:27,015 - __main__ - ERROR - Erro ao comprimir o PDF com Ghostscript: [WinError 2] O sistema não pode encontrar o arquivo especificado
2025-01-21 09:49:28,477 - __main__ - INFO - PDF processado e comprimido com sucesso.
2025-01-21 09:50:11,571 - __main__ - INFO - OLHE:   [48476]
2025-01-21 09:50:11,571 - __main__ - INFO - STATUS: original
2025-01-21 09:50:11,571 - __main__ - INFO - Obtendo dados do Bitrix24 para o negócio ID: 214208
2025-01-21 09:50:11,869 - __main__ - INFO - Dados do Bitrix24 obtidos com sucesso.
2025-01-21 09:50:11,871 - __main__ - DEBUG - Valor obtido para UF_CRM_1713214941: '48476'
2025-01-21 09:50:22,975 - __main__ - INFO - Preenchendo campos no PDF: Termo Algar Telecom.pdf
2025-01-21 09:50:22,992 - __main__ - DEBUG - Atualizando campo 'Caixa de texto 1' de '' para 'DEUSUITE CUNHA DE CARVALHO'
2025-01-21 09:50:23,007 - __main__ - DEBUG - Atualizando campo 'Caixa de texto 5' de '' para '31'
2025-01-21 09:50:23,010 - __main__ - DEBUG - Atualizando campo 'Caixa de texto 6' de '' para '01'
2025-01-21 09:50:23,013 - __main__ - DEBUG - Atualizando campo 'Caixa de texto 7' de '' para '1962'
2025-01-21 09:50:23,016 - __main__ - DEBUG - Atualizando campo 'Caixa de texto 2' de '' para '06617908864'
2025-01-21 09:50:23,019 - __main__ - DEBUG - Atualizando campo 'Caixa de texto 3' de '' para '066.179.088-64'
2025-01-21 09:50:23,023 - __main__ - DEBUG - Atualizando campo 'Caixa de texto 29' de '' para 'ADONAI CUNHA DE CARVALHO'
2025-01-21 09:50:23,025 - __main__ - DEBUG - Atualizando campo 'Caixa de texto 9' de '' para '+5513991250432'
2025-01-21 09:50:23,028 - __main__ - DEBUG - Atualizando campo 'Caixa de texto 8' de '' para 'Deusuitecunha@gmail.com'
2025-01-21 09:50:23,029 - __main__ - DEBUG - Atualizando campo 'Caixa de texto 4' de '' para 'R. DOS JACARANDÁS'
2025-01-21 09:50:23,030 - __main__ - DEBUG - Atualizando campo 'Caixa de texto 10' de '' para '31 '
2025-01-21 09:50:23,032 - __main__ - DEBUG - Atualizando campo 'Caixa de texto 11' de '' para 'SAMAMBAIA'
2025-01-21 09:50:23,033 - __main__ - DEBUG - Atualizando campo 'Caixa de texto 12' de '' para 'CASA '
2025-01-21 09:50:23,033 - __main__ - DEBUG - Atualizando campo 'Caixa de texto 13' de '' para 'Praia Grande'
2025-01-21 09:50:23,034 - __main__ - DEBUG - Atualizando campo 'Caixa de texto 14' de '' para 'SP'
2025-01-21 09:50:23,035 - __main__ - DEBUG - Atualizando campo 'Caixa de texto 15' de '' para '11712-480'
2025-01-21 09:50:23,035 - __main__ - DEBUG - Atualizando campo 'Caixa de sele#C3#A7#C3#A3o 11' de 'Off' para 'Yes'
2025-01-21 09:50:23,039 - __main__ - DEBUG - Atualizando campo 'Caixa de texto 21' de '' para 'Deusuitecunha@gmail.com'
2025-01-21 09:50:23,044 - __main__ - DEBUG - Atualizando campo 'oito' de 'Off' para 'Yes'
2025-01-21 09:50:23,045 - __main__ - DEBUG - Atualizando campo 'ciente1' de 'Off' para 'Yes'
2025-01-21 09:50:23,045 - __main__ - DEBUG - Atualizando campo 'Caixa de sele#C3#A7#C3#A3o 4' de 'Off' para 'Yes'
2025-01-21 09:50:23,048 - __main__ - DEBUG - Atualizando campo 'ciente2' de 'Off' para 'Yes'
2025-01-21 09:50:23,051 - __main__ - DEBUG - Atualizando campo 'ciente3' de 'Off' para 'Yes'
2025-01-21 09:50:23,052 - __main__ - DEBUG - Atualizando campo 'ciente4' de 'Off' para 'Yes'
2025-01-21 09:50:23,053 - __main__ - DEBUG - Atualizando campo 'ciente5' de 'Off' para 'Yes'
2025-01-21 09:50:23,058 - __main__ - DEBUG - Atualizando campo 'ciente6' de 'Off' para 'Yes'
2025-01-21 09:50:23,061 - __main__ - DEBUG - Atualizando campo 'Caixa de sele#C3#A7#C3#A3o 12_3' de 'Off' para 'Yes'
2025-01-21 09:50:23,062 - __main__ - DEBUG - Atualizando campo 'dinheiro' de '' para '79.99'
2025-01-21 09:50:23,064 - __main__ - DEBUG - Atualizando campo 'Caixa de sele#C3#A7#C3#A3o 15_2' de 'Off' para 'Yes'
2025-01-21 09:50:23,065 - __main__ - DEBUG - Atualizando campo 'Caixa de sele#C3#A7#C3#A3o 1_3' de 'Off' para 'Yes'
2025-01-21 09:50:23,065 - __main__ - DEBUG - Atualizando campo 'Caixa de sele#C3#A7#C3#A3o 2_4' de 'Off' para 'Yes'
2025-01-21 09:50:23,065 - __main__ - DEBUG - Atualizando campo 'Caixa de sele#C3#A7#C3#A3o 3_3' de 'Off' para 'Yes'
2025-01-21 09:50:23,065 - __main__ - DEBUG - Atualizando campo 'Caixa de sele#C3#A7#C3#A3o 4_4' de 'Off' para 'Yes'
2025-01-21 09:50:23,065 - __main__ - DEBUG - Atualizando campo 'Caixa de texto 1_2' de '' para '02-12-2024'
2025-01-21 09:50:23,065 - __main__ - DEBUG - Atualizando campo 'Caixa de texto 1_3' de '' para '02-12-2024'
2025-01-21 09:50:23,108 - __main__ - INFO - PDF atualizado salvo em: DEUSUITE CUNHA DE CARVALHOTermo Algar Telecom.pdf
2025-01-21 09:50:23,127 - __main__ - ERROR - Erro ao comprimir o PDF com Ghostscript: [WinError 2] O sistema não pode encontrar o arquivo especificado
2025-01-21 09:50:24,935 - __main__ - INFO - PDF processado e comprimido com sucesso.
